Activity update 1 at Mon Jan 12 11:38:11 PM IST 2026
Activity update 2 at Mon Jan 12 11:38:11 PM IST 2026
Activity update 3 at Mon Jan 12 11:38:11 PM IST 2026
Activity update 4 at Mon Jan 12 11:38:11 PM IST 2026
Activity update 5 at Mon Jan 12 11:38:11 PM IST 2026
Activity update 6 at Mon Jan 12 11:38:11 PM IST 2026
Activity update 7 at Mon Jan 12 11:38:11 PM IST 2026
Activity update 8 at Mon Jan 12 11:38:11 PM IST 2026
Activity update 9 at Mon Jan 12 11:38:11 PM IST 2026
Activity update 10 at Mon Jan 12 11:38:11 PM IST 2026
Activity update 1 at Mon Jan 12 11:40:01 PM IST 2026
Activity update 2 at Mon Jan 12 11:40:01 PM IST 2026
Activity update 3 at Mon Jan 12 11:40:01 PM IST 2026
Activity update 4 at Mon Jan 12 11:40:01 PM IST 2026
Activity update 5 at Mon Jan 12 11:40:01 PM IST 2026
Activity update 6 at Mon Jan 12 11:40:01 PM IST 2026
Activity update 7 at Mon Jan 12 11:40:01 PM IST 2026
Activity update 8 at Mon Jan 12 11:40:01 PM IST 2026
Activity update 9 at Mon Jan 12 11:40:01 PM IST 2026
Activity update 10 at Mon Jan 12 11:40:01 PM IST 2026
Activity update 1 at Mon Jan 12 11:42:39 PM IST 2026
Activity update 2 at Mon Jan 12 11:42:39 PM IST 2026
Activity update 3 at Mon Jan 12 11:42:39 PM IST 2026
Activity update 4 at Mon Jan 12 11:42:39 PM IST 2026
Activity update 5 at Mon Jan 12 11:42:39 PM IST 2026
Activity update 6 at Mon Jan 12 11:42:39 PM IST 2026
Activity update 7 at Mon Jan 12 11:42:39 PM IST 2026
Activity update 8 at Mon Jan 12 11:42:39 PM IST 2026
Activity update 9 at Mon Jan 12 11:42:39 PM IST 2026
Activity update 10 at Mon Jan 12 11:42:39 PM IST 2026
Activity update 1 at Mon Jan 12 11:43:08 PM IST 2026
Activity update 2 at Mon Jan 12 11:43:08 PM IST 2026
Activity update 3 at Mon Jan 12 11:43:08 PM IST 2026
Activity update 4 at Mon Jan 12 11:43:08 PM IST 2026
Activity update 5 at Mon Jan 12 11:43:08 PM IST 2026
Activity update 6 at Mon Jan 12 11:43:08 PM IST 2026
Activity update 7 at Mon Jan 12 11:43:08 PM IST 2026
Activity update 8 at Mon Jan 12 11:43:08 PM IST 2026
Activity update 9 at Mon Jan 12 11:43:08 PM IST 2026
Activity update 10 at Mon Jan 12 11:43:08 PM IST 2026
Activity update 1 at Tue Jan 13 05:49:17 AM IST 2026
Activity update 2 at Tue Jan 13 05:49:17 AM IST 2026
Activity update 3 at Tue Jan 13 05:49:17 AM IST 2026
Activity update 4 at Tue Jan 13 05:49:17 AM IST 2026
Activity update 5 at Tue Jan 13 05:49:17 AM IST 2026
Activity update 6 at Tue Jan 13 05:49:17 AM IST 2026
Activity update 7 at Tue Jan 13 05:49:17 AM IST 2026
Activity update 8 at Tue Jan 13 05:49:17 AM IST 2026
Activity update 9 at Tue Jan 13 05:49:17 AM IST 2026
Activity update 10 at Tue Jan 13 05:49:17 AM IST 2026
Activity update 1 at Tue Jan 13 05:50:20 AM IST 2026
Activity update 2 at Tue Jan 13 05:50:21 AM IST 2026
Activity update 3 at Tue Jan 13 05:50:21 AM IST 2026
Activity update 4 at Tue Jan 13 05:50:21 AM IST 2026
Activity update 5 at Tue Jan 13 05:50:21 AM IST 2026
Activity update 6 at Tue Jan 13 05:50:21 AM IST 2026
Activity update 7 at Tue Jan 13 05:50:21 AM IST 2026
Activity update 8 at Tue Jan 13 05:50:21 AM IST 2026
Activity update 9 at Tue Jan 13 05:50:21 AM IST 2026
Activity update 10 at Tue Jan 13 05:50:21 AM IST 2026
Activity update 1 at Tue Jan 13 05:51:07 AM IST 2026
Activity update 2 at Tue Jan 13 05:51:07 AM IST 2026
Activity update 3 at Tue Jan 13 05:51:07 AM IST 2026
Activity update 4 at Tue Jan 13 05:51:07 AM IST 2026
Activity update 5 at Tue Jan 13 05:51:07 AM IST 2026
Activity update 6 at Tue Jan 13 05:51:07 AM IST 2026
Activity update 7 at Tue Jan 13 05:51:07 AM IST 2026
Activity update 8 at Tue Jan 13 05:51:07 AM IST 2026
Activity update 9 at Tue Jan 13 05:51:07 AM IST 2026
Activity update 10 at Tue Jan 13 05:51:07 AM IST 2026
Activity update 1 at Tue Jan 13 08:52:46 AM IST 2026
Activity update 2 at Tue Jan 13 08:52:46 AM IST 2026
Activity update 3 at Tue Jan 13 08:52:46 AM IST 2026
Activity update 4 at Tue Jan 13 08:52:46 AM IST 2026
Activity update 5 at Tue Jan 13 08:52:46 AM IST 2026
Activity update 6 at Tue Jan 13 08:52:46 AM IST 2026
Activity update 7 at Tue Jan 13 08:52:46 AM IST 2026
Activity update 8 at Tue Jan 13 08:52:46 AM IST 2026
Activity update 9 at Tue Jan 13 08:52:46 AM IST 2026
Activity update 10 at Tue Jan 13 08:52:46 AM IST 2026
Activity update 1 at Tue Jan 13 05:41:38 PM IST 2026
Activity update 2 at Tue Jan 13 05:41:38 PM IST 2026
Activity update 3 at Tue Jan 13 05:41:38 PM IST 2026
Activity update 4 at Tue Jan 13 05:41:38 PM IST 2026
Activity update 5 at Tue Jan 13 05:41:38 PM IST 2026
Activity update 6 at Tue Jan 13 05:41:38 PM IST 2026
Activity update 7 at Tue Jan 13 05:41:38 PM IST 2026
Activity update 8 at Tue Jan 13 05:41:38 PM IST 2026
Activity update 9 at Tue Jan 13 05:41:38 PM IST 2026
Activity update 10 at Tue Jan 13 05:41:38 PM IST 2026
Activity update 1 at Tue Jan 13 05:42:06 PM IST 2026
Activity update 2 at Tue Jan 13 05:42:06 PM IST 2026
Activity update 3 at Tue Jan 13 05:42:06 PM IST 2026
Activity update 4 at Tue Jan 13 05:42:06 PM IST 2026
Activity update 5 at Tue Jan 13 05:42:06 PM IST 2026
Activity update 6 at Tue Jan 13 05:42:06 PM IST 2026
Activity update 7 at Tue Jan 13 05:42:06 PM IST 2026
Activity update 8 at Tue Jan 13 05:42:07 PM IST 2026
Activity update 9 at Tue Jan 13 05:42:07 PM IST 2026
Activity update 10 at Tue Jan 13 05:42:07 PM IST 2026
Activity update 1 at Tue Jan 13 09:55:29 PM IST 2026
Activity update 2 at Tue Jan 13 09:55:29 PM IST 2026
Activity update 3 at Tue Jan 13 09:55:29 PM IST 2026
Activity update 4 at Tue Jan 13 09:55:29 PM IST 2026
Activity update 5 at Tue Jan 13 09:55:29 PM IST 2026
Activity update 6 at Tue Jan 13 09:55:29 PM IST 2026
Activity update 7 at Tue Jan 13 09:55:29 PM IST 2026
Activity update 8 at Tue Jan 13 09:55:29 PM IST 2026
Activity update 9 at Tue Jan 13 09:55:29 PM IST 2026
Activity update 10 at Tue Jan 13 09:55:29 PM IST 2026
Activity update 1 at Tue Jan 13 09:55:33 PM IST 2026
Activity update 2 at Tue Jan 13 09:55:33 PM IST 2026
Activity update 3 at Tue Jan 13 09:55:33 PM IST 2026
Activity update 4 at Tue Jan 13 09:55:33 PM IST 2026
Activity update 5 at Tue Jan 13 09:55:33 PM IST 2026
Activity update 6 at Tue Jan 13 09:55:33 PM IST 2026
Activity update 7 at Tue Jan 13 09:55:33 PM IST 2026
Activity update 8 at Tue Jan 13 09:55:33 PM IST 2026
Activity update 9 at Tue Jan 13 09:55:33 PM IST 2026
Activity update 10 at Tue Jan 13 09:55:33 PM IST 2026
Activity update 1 at Wed Jan 14 10:54:10 AM IST 2026
Activity update 2 at Wed Jan 14 10:54:10 AM IST 2026
Activity update 3 at Wed Jan 14 10:54:10 AM IST 2026
Activity update 4 at Wed Jan 14 10:54:10 AM IST 2026
Activity update 5 at Wed Jan 14 10:54:10 AM IST 2026
Activity update 6 at Wed Jan 14 10:54:10 AM IST 2026
Activity update 7 at Wed Jan 14 10:54:10 AM IST 2026
Activity update 8 at Wed Jan 14 10:54:10 AM IST 2026
Activity update 9 at Wed Jan 14 10:54:10 AM IST 2026
Activity update 10 at Wed Jan 14 10:54:10 AM IST 2026
Activity update 1 at Wed Jan 14 10:54:14 AM IST 2026
Activity update 2 at Wed Jan 14 10:54:14 AM IST 2026
Activity update 3 at Wed Jan 14 10:54:14 AM IST 2026
Activity update 4 at Wed Jan 14 10:54:14 AM IST 2026
Activity update 5 at Wed Jan 14 10:54:14 AM IST 2026
Activity update 6 at Wed Jan 14 10:54:14 AM IST 2026
Activity update 7 at Wed Jan 14 10:54:14 AM IST 2026
Activity update 8 at Wed Jan 14 10:54:14 AM IST 2026
Activity update 9 at Wed Jan 14 10:54:14 AM IST 2026
Activity update 10 at Wed Jan 14 10:54:14 AM IST 2026
Activity update 1 at Wed Jan 14 11:16:53 AM IST 2026
Activity update 2 at Wed Jan 14 11:16:53 AM IST 2026
Activity update 3 at Wed Jan 14 11:16:53 AM IST 2026
Activity update 4 at Wed Jan 14 11:16:53 AM IST 2026
Activity update 5 at Wed Jan 14 11:16:53 AM IST 2026
Activity update 6 at Wed Jan 14 11:16:53 AM IST 2026
Activity update 7 at Wed Jan 14 11:16:53 AM IST 2026
Activity update 8 at Wed Jan 14 11:16:53 AM IST 2026
Activity update 9 at Wed Jan 14 11:16:53 AM IST 2026
Activity update 10 at Wed Jan 14 11:16:53 AM IST 2026
Activity update 1 at Wed Jan 14 11:18:50 AM IST 2026
Activity update 2 at Wed Jan 14 11:18:50 AM IST 2026
Activity update 3 at Wed Jan 14 11:18:50 AM IST 2026
Activity update 4 at Wed Jan 14 11:18:50 AM IST 2026
Activity update 5 at Wed Jan 14 11:18:50 AM IST 2026
Activity update 6 at Wed Jan 14 11:18:50 AM IST 2026
Activity update 7 at Wed Jan 14 11:18:50 AM IST 2026
Activity update 8 at Wed Jan 14 11:18:50 AM IST 2026
Activity update 9 at Wed Jan 14 11:18:50 AM IST 2026
Activity update 10 at Wed Jan 14 11:18:50 AM IST 2026
Activity update 1 at Wed Jan 14 07:45:58 PM IST 2026
Activity update 2 at Wed Jan 14 07:45:58 PM IST 2026
Activity update 3 at Wed Jan 14 07:45:58 PM IST 2026
Activity update 4 at Wed Jan 14 07:45:58 PM IST 2026
Activity update 5 at Wed Jan 14 07:45:58 PM IST 2026
Activity update 6 at Wed Jan 14 07:45:58 PM IST 2026
Activity update 7 at Wed Jan 14 07:45:58 PM IST 2026
Activity update 8 at Wed Jan 14 07:45:58 PM IST 2026
Activity update 9 at Wed Jan 14 07:45:58 PM IST 2026
Activity update 10 at Wed Jan 14 07:45:58 PM IST 2026
Activity update 1 at Wed Jan 14 07:46:07 PM IST 2026
Activity update 2 at Wed Jan 14 07:46:07 PM IST 2026
Activity update 3 at Wed Jan 14 07:46:07 PM IST 2026
Activity update 4 at Wed Jan 14 07:46:07 PM IST 2026
Activity update 5 at Wed Jan 14 07:46:07 PM IST 2026
Activity update 6 at Wed Jan 14 07:46:07 PM IST 2026
Activity update 7 at Wed Jan 14 07:46:07 PM IST 2026
Activity update 8 at Wed Jan 14 07:46:07 PM IST 2026
Activity update 9 at Wed Jan 14 07:46:07 PM IST 2026
Activity update 10 at Wed Jan 14 07:46:07 PM IST 2026
Activity update 1 at Wed Jan 14 09:20:47 PM IST 2026
Activity update 2 at Wed Jan 14 09:20:47 PM IST 2026
Activity update 3 at Wed Jan 14 09:20:47 PM IST 2026
Activity update 4 at Wed Jan 14 09:20:47 PM IST 2026
Activity update 5 at Wed Jan 14 09:20:47 PM IST 2026
Activity update 6 at Wed Jan 14 09:20:47 PM IST 2026
Activity update 7 at Wed Jan 14 09:20:47 PM IST 2026
Activity update 8 at Wed Jan 14 09:20:47 PM IST 2026
Activity update 9 at Wed Jan 14 09:20:47 PM IST 2026
Activity update 10 at Wed Jan 14 09:20:47 PM IST 2026
Activity update 1 at Wed Jan 14 09:20:53 PM IST 2026
Activity update 2 at Wed Jan 14 09:20:53 PM IST 2026
Activity update 3 at Wed Jan 14 09:20:53 PM IST 2026
Activity update 4 at Wed Jan 14 09:20:53 PM IST 2026
Activity update 5 at Wed Jan 14 09:20:53 PM IST 2026
Activity update 6 at Wed Jan 14 09:20:53 PM IST 2026
Activity update 7 at Wed Jan 14 09:20:53 PM IST 2026
Activity update 8 at Wed Jan 14 09:20:53 PM IST 2026
Activity update 9 at Wed Jan 14 09:20:53 PM IST 2026
Activity update 10 at Wed Jan 14 09:20:53 PM IST 2026
Activity update 1 at Fri Jan 16 05:21:10 PM IST 2026
Activity update 2 at Fri Jan 16 05:21:10 PM IST 2026
Activity update 3 at Fri Jan 16 05:21:10 PM IST 2026
Activity update 4 at Fri Jan 16 05:21:10 PM IST 2026
Activity update 5 at Fri Jan 16 05:21:10 PM IST 2026
Activity update 6 at Fri Jan 16 05:21:10 PM IST 2026
Activity update 7 at Fri Jan 16 05:21:10 PM IST 2026
Activity update 8 at Fri Jan 16 05:21:10 PM IST 2026
Activity update 9 at Fri Jan 16 05:21:10 PM IST 2026
Activity update 10 at Fri Jan 16 05:21:10 PM IST 2026
Activity update 1 at Fri Jan 16 05:21:13 PM IST 2026
Activity update 2 at Fri Jan 16 05:21:13 PM IST 2026
Activity update 3 at Fri Jan 16 05:21:13 PM IST 2026
Activity update 4 at Fri Jan 16 05:21:13 PM IST 2026
Activity update 5 at Fri Jan 16 05:21:13 PM IST 2026
Activity update 6 at Fri Jan 16 05:21:13 PM IST 2026
Activity update 7 at Fri Jan 16 05:21:13 PM IST 2026
Activity update 8 at Fri Jan 16 05:21:13 PM IST 2026
Activity update 9 at Fri Jan 16 05:21:13 PM IST 2026
Activity update 10 at Fri Jan 16 05:21:13 PM IST 2026
Activity update 1 at Fri Jan 16 06:26:30 PM IST 2026
Activity update 2 at Fri Jan 16 06:26:30 PM IST 2026
Activity update 3 at Fri Jan 16 06:26:30 PM IST 2026
Activity update 4 at Fri Jan 16 06:26:30 PM IST 2026
Activity update 5 at Fri Jan 16 06:26:30 PM IST 2026
Activity update 6 at Fri Jan 16 06:26:30 PM IST 2026
Activity update 7 at Fri Jan 16 06:26:30 PM IST 2026
Activity update 8 at Fri Jan 16 06:26:30 PM IST 2026
Activity update 9 at Fri Jan 16 06:26:30 PM IST 2026
Activity update 10 at Fri Jan 16 06:26:30 PM IST 2026
Activity update 1 at Fri Jan 16 06:26:32 PM IST 2026
Activity update 2 at Fri Jan 16 06:26:32 PM IST 2026
Activity update 3 at Fri Jan 16 06:26:32 PM IST 2026
Activity update 4 at Fri Jan 16 06:26:32 PM IST 2026
Activity update 5 at Fri Jan 16 06:26:33 PM IST 2026
Activity update 6 at Fri Jan 16 06:26:33 PM IST 2026
Activity update 7 at Fri Jan 16 06:26:33 PM IST 2026
Activity update 8 at Fri Jan 16 06:26:33 PM IST 2026
Activity update 9 at Fri Jan 16 06:26:33 PM IST 2026
Activity update 10 at Fri Jan 16 06:26:33 PM IST 2026
Activity update 1 at Fri Jan 16 06:27:07 PM IST 2026
Activity update 2 at Fri Jan 16 06:27:07 PM IST 2026
Activity update 3 at Fri Jan 16 06:27:07 PM IST 2026
Activity update 4 at Fri Jan 16 06:27:07 PM IST 2026
Activity update 5 at Fri Jan 16 06:27:07 PM IST 2026
Activity update 6 at Fri Jan 16 06:27:07 PM IST 2026
Activity update 7 at Fri Jan 16 06:27:07 PM IST 2026
Activity update 8 at Fri Jan 16 06:27:07 PM IST 2026
Activity update 9 at Fri Jan 16 06:27:07 PM IST 2026
Activity update 10 at Fri Jan 16 06:27:07 PM IST 2026
Activity update 1 at Fri Jan 16 06:27:30 PM IST 2026
Activity update 2 at Fri Jan 16 06:27:30 PM IST 2026
Activity update 3 at Fri Jan 16 06:27:30 PM IST 2026
Activity update 4 at Fri Jan 16 06:27:30 PM IST 2026
Activity update 5 at Fri Jan 16 06:27:30 PM IST 2026
Activity update 6 at Fri Jan 16 06:27:30 PM IST 2026
Activity update 7 at Fri Jan 16 06:27:30 PM IST 2026
Activity update 8 at Fri Jan 16 06:27:30 PM IST 2026
Activity update 9 at Fri Jan 16 06:27:30 PM IST 2026
Activity update 10 at Fri Jan 16 06:27:30 PM IST 2026
Activity update 1 at Fri Jan 16 06:28:23 PM IST 2026
Activity update 2 at Fri Jan 16 06:28:23 PM IST 2026
Activity update 3 at Fri Jan 16 06:28:23 PM IST 2026
Activity update 4 at Fri Jan 16 06:28:23 PM IST 2026
Activity update 5 at Fri Jan 16 06:28:23 PM IST 2026
Activity update 6 at Fri Jan 16 06:28:23 PM IST 2026
Activity update 7 at Fri Jan 16 06:28:23 PM IST 2026
Activity update 8 at Fri Jan 16 06:28:23 PM IST 2026
Activity update 9 at Fri Jan 16 06:28:23 PM IST 2026
Activity update 10 at Fri Jan 16 06:28:23 PM IST 2026
Activity update 1 at Sat Jan 17 08:50:50 AM IST 2026
Activity update 2 at Sat Jan 17 08:50:50 AM IST 2026
Activity update 3 at Sat Jan 17 08:50:50 AM IST 2026
Activity update 4 at Sat Jan 17 08:50:50 AM IST 2026
Activity update 5 at Sat Jan 17 08:50:50 AM IST 2026
Activity update 6 at Sat Jan 17 08:50:50 AM IST 2026
Activity update 7 at Sat Jan 17 08:50:50 AM IST 2026
Activity update 8 at Sat Jan 17 08:50:50 AM IST 2026
Activity update 9 at Sat Jan 17 08:50:50 AM IST 2026
Activity update 10 at Sat Jan 17 08:50:50 AM IST 2026
Activity update 1 at Sat Jan 17 08:50:55 AM IST 2026
Activity update 2 at Sat Jan 17 08:50:55 AM IST 2026
Activity update 3 at Sat Jan 17 08:50:55 AM IST 2026
Activity update 4 at Sat Jan 17 08:50:55 AM IST 2026
Activity update 5 at Sat Jan 17 08:50:55 AM IST 2026
Activity update 6 at Sat Jan 17 08:50:55 AM IST 2026
Activity update 7 at Sat Jan 17 08:50:55 AM IST 2026
Activity update 8 at Sat Jan 17 08:50:55 AM IST 2026
Activity update 9 at Sat Jan 17 08:50:55 AM IST 2026
Activity update 10 at Sat Jan 17 08:50:55 AM IST 2026
Activity update 1 at Sat Jan 17 10:25:26 AM IST 2026
Activity update 2 at Sat Jan 17 10:25:26 AM IST 2026
Activity update 3 at Sat Jan 17 10:25:26 AM IST 2026
Activity update 4 at Sat Jan 17 10:25:26 AM IST 2026
Activity update 5 at Sat Jan 17 10:25:26 AM IST 2026
Activity update 6 at Sat Jan 17 10:25:26 AM IST 2026
Activity update 7 at Sat Jan 17 10:25:26 AM IST 2026
Activity update 8 at Sat Jan 17 10:25:26 AM IST 2026
Activity update 9 at Sat Jan 17 10:25:26 AM IST 2026
Activity update 10 at Sat Jan 17 10:25:26 AM IST 2026
Activity update 1 at Sat Jan 17 10:25:32 AM IST 2026
Activity update 2 at Sat Jan 17 10:25:32 AM IST 2026
Activity update 3 at Sat Jan 17 10:25:32 AM IST 2026
Activity update 4 at Sat Jan 17 10:25:32 AM IST 2026
Activity update 5 at Sat Jan 17 10:25:33 AM IST 2026
Activity update 6 at Sat Jan 17 10:25:33 AM IST 2026
Activity update 7 at Sat Jan 17 10:25:33 AM IST 2026
Activity update 8 at Sat Jan 17 10:25:33 AM IST 2026
Activity update 9 at Sat Jan 17 10:25:33 AM IST 2026
Activity update 10 at Sat Jan 17 10:25:33 AM IST 2026
Activity update 1 at Sat Jan 17 04:54:28 PM IST 2026
Activity update 1 at Sat Jan 17 04:54:28 PM IST 2026
Activity update 2 at Sat Jan 17 04:54:28 PM IST 2026
Activity update 2 at Sat Jan 17 04:54:28 PM IST 2026
Activity update 3 at Sat Jan 17 04:54:28 PM IST 2026
Activity update 3 at Sat Jan 17 04:54:28 PM IST 2026
Activity update 4 at Sat Jan 17 04:54:28 PM IST 2026
Activity update 4 at Sat Jan 17 04:54:28 PM IST 2026
Activity update 5 at Sat Jan 17 04:54:28 PM IST 2026
Activity update 5 at Sat Jan 17 04:54:28 PM IST 2026
Activity update 6 at Sat Jan 17 04:54:28 PM IST 2026
Activity update 6 at Sat Jan 17 04:54:28 PM IST 2026
Activity update 7 at Sat Jan 17 04:54:28 PM IST 2026
Activity update 7 at Sat Jan 17 04:54:28 PM IST 2026
Activity update 8 at Sat Jan 17 04:54:28 PM IST 2026
Activity update 9 at Sat Jan 17 04:54:28 PM IST 2026
Activity update 8 at Sat Jan 17 04:54:28 PM IST 2026
Activity update 10 at Sat Jan 17 04:54:28 PM IST 2026
Activity update 9 at Sat Jan 17 04:54:28 PM IST 2026
Activity update 10 at Sat Jan 17 04:54:29 PM IST 2026
Activity update 1 at Sat Jan 17 04:55:03 PM IST 2026
Activity update 2 at Sat Jan 17 04:55:03 PM IST 2026
Activity update 3 at Sat Jan 17 04:55:03 PM IST 2026
Activity update 4 at Sat Jan 17 04:55:03 PM IST 2026
Activity update 5 at Sat Jan 17 04:55:04 PM IST 2026
Activity update 6 at Sat Jan 17 04:55:04 PM IST 2026
Activity update 7 at Sat Jan 17 04:55:04 PM IST 2026
Activity update 8 at Sat Jan 17 04:55:04 PM IST 2026
Activity update 9 at Sat Jan 17 04:55:04 PM IST 2026
Activity update 10 at Sat Jan 17 04:55:04 PM IST 2026
Activity update 1 at Sun Jan 18 02:10:54 PM IST 2026
Activity update 2 at Sun Jan 18 02:10:54 PM IST 2026
Activity update 3 at Sun Jan 18 02:10:54 PM IST 2026
Activity update 4 at Sun Jan 18 02:10:54 PM IST 2026
Activity update 5 at Sun Jan 18 02:10:54 PM IST 2026
Activity update 6 at Sun Jan 18 02:10:54 PM IST 2026
Activity update 7 at Sun Jan 18 02:10:54 PM IST 2026
Activity update 8 at Sun Jan 18 02:10:54 PM IST 2026
Activity update 9 at Sun Jan 18 02:10:54 PM IST 2026
Activity update 10 at Sun Jan 18 02:10:54 PM IST 2026
Activity update 1 at Sun Jan 18 02:10:57 PM IST 2026
Activity update 2 at Sun Jan 18 02:10:57 PM IST 2026
Activity update 3 at Sun Jan 18 02:10:57 PM IST 2026
Activity update 4 at Sun Jan 18 02:10:57 PM IST 2026
Activity update 5 at Sun Jan 18 02:10:57 PM IST 2026
Activity update 6 at Sun Jan 18 02:10:57 PM IST 2026
Activity update 7 at Sun Jan 18 02:10:57 PM IST 2026
Activity update 8 at Sun Jan 18 02:10:57 PM IST 2026
Activity update 9 at Sun Jan 18 02:10:57 PM IST 2026
Activity update 10 at Sun Jan 18 02:10:57 PM IST 2026
Activity update 1 at Sun Jan 18 08:42:24 AM IST 2026
Activity update 2 at Sun Jan 18 08:42:24 AM IST 2026
Activity update 3 at Sun Jan 18 08:42:24 AM IST 2026
Activity update 4 at Sun Jan 18 08:42:24 AM IST 2026
Activity update 5 at Sun Jan 18 08:42:24 AM IST 2026
Activity update 6 at Sun Jan 18 08:42:24 AM IST 2026
Activity update 7 at Sun Jan 18 08:42:24 AM IST 2026
Activity update 8 at Sun Jan 18 08:42:24 AM IST 2026
Activity update 9 at Sun Jan 18 08:42:24 AM IST 2026
Activity update 10 at Sun Jan 18 08:42:24 AM IST 2026
Activity update 1 at Sun Jan 18 08:42:53 AM IST 2026
Activity update 2 at Sun Jan 18 08:42:53 AM IST 2026
Activity update 3 at Sun Jan 18 08:42:53 AM IST 2026
Activity update 4 at Sun Jan 18 08:42:53 AM IST 2026
Activity update 5 at Sun Jan 18 08:42:53 AM IST 2026
Activity update 6 at Sun Jan 18 08:42:53 AM IST 2026
Activity update 7 at Sun Jan 18 08:42:53 AM IST 2026
Activity update 8 at Sun Jan 18 08:42:53 AM IST 2026
Activity update 9 at Sun Jan 18 08:42:53 AM IST 2026
Activity update 10 at Sun Jan 18 08:42:53 AM IST 2026
Activity update 1 at Mon Jan 19 05:53:34 AM IST 2026
Activity update 2 at Mon Jan 19 05:53:34 AM IST 2026
Activity update 3 at Mon Jan 19 05:53:34 AM IST 2026
Activity update 4 at Mon Jan 19 05:53:34 AM IST 2026
Activity update 5 at Mon Jan 19 05:53:34 AM IST 2026
Activity update 6 at Mon Jan 19 05:53:34 AM IST 2026
Activity update 7 at Mon Jan 19 05:53:34 AM IST 2026
Activity update 8 at Mon Jan 19 05:53:34 AM IST 2026
Activity update 9 at Mon Jan 19 05:53:34 AM IST 2026
Activity update 10 at Mon Jan 19 05:53:34 AM IST 2026
Activity update 1 at Mon Jan 19 05:53:35 AM IST 2026
Activity update 2 at Mon Jan 19 05:53:35 AM IST 2026
Activity update 3 at Mon Jan 19 05:53:35 AM IST 2026
Activity update 4 at Mon Jan 19 05:53:35 AM IST 2026
Activity update 5 at Mon Jan 19 05:53:35 AM IST 2026
Activity update 6 at Mon Jan 19 05:53:35 AM IST 2026
Activity update 7 at Mon Jan 19 05:53:35 AM IST 2026
Activity update 8 at Mon Jan 19 05:53:35 AM IST 2026
Activity update 9 at Mon Jan 19 05:53:35 AM IST 2026
Activity update 10 at Mon Jan 19 05:53:35 AM IST 2026
Activity update 1 at Tue Jan 20 03:30:50 AM IST 2026
Activity update 2 at Tue Jan 20 03:30:50 AM IST 2026
Activity update 3 at Tue Jan 20 03:30:50 AM IST 2026
Activity update 4 at Tue Jan 20 03:30:50 AM IST 2026
Activity update 5 at Tue Jan 20 03:30:50 AM IST 2026
Activity update 6 at Tue Jan 20 03:30:50 AM IST 2026
Activity update 7 at Tue Jan 20 03:30:50 AM IST 2026
Activity update 8 at Tue Jan 20 03:30:50 AM IST 2026
Activity update 9 at Tue Jan 20 03:30:50 AM IST 2026
Activity update 10 at Tue Jan 20 03:30:50 AM IST 2026
Activity update 1 at Tue Jan 20 03:30:54 AM IST 2026
Activity update 2 at Tue Jan 20 03:30:54 AM IST 2026
Activity update 3 at Tue Jan 20 03:30:54 AM IST 2026
Activity update 4 at Tue Jan 20 03:30:54 AM IST 2026
Activity update 5 at Tue Jan 20 03:30:54 AM IST 2026
Activity update 6 at Tue Jan 20 03:30:54 AM IST 2026
Activity update 7 at Tue Jan 20 03:30:54 AM IST 2026
Activity update 8 at Tue Jan 20 03:30:54 AM IST 2026
Activity update 9 at Tue Jan 20 03:30:54 AM IST 2026
Activity update 10 at Tue Jan 20 03:30:54 AM IST 2026
Activity update 1 at Mon Jan 19 10:01:35 PM IST 2026
Activity update 2 at Mon Jan 19 10:01:35 PM IST 2026
Activity update 3 at Mon Jan 19 10:01:35 PM IST 2026
Activity update 4 at Mon Jan 19 10:01:35 PM IST 2026
Activity update 5 at Mon Jan 19 10:01:35 PM IST 2026
Activity update 6 at Mon Jan 19 10:01:35 PM IST 2026
Activity update 7 at Mon Jan 19 10:01:35 PM IST 2026
Activity update 8 at Mon Jan 19 10:01:36 PM IST 2026
Activity update 9 at Mon Jan 19 10:01:36 PM IST 2026
Activity update 10 at Mon Jan 19 10:01:36 PM IST 2026
Activity update 1 at Mon Jan 19 10:02:21 PM IST 2026
Activity update 2 at Mon Jan 19 10:02:21 PM IST 2026
Activity update 3 at Mon Jan 19 10:02:21 PM IST 2026
Activity update 4 at Mon Jan 19 10:02:21 PM IST 2026
Activity update 5 at Mon Jan 19 10:02:21 PM IST 2026
Activity update 6 at Mon Jan 19 10:02:21 PM IST 2026
Activity update 7 at Mon Jan 19 10:02:21 PM IST 2026
Activity update 8 at Mon Jan 19 10:02:21 PM IST 2026
Activity update 9 at Mon Jan 19 10:02:21 PM IST 2026
Activity update 10 at Mon Jan 19 10:02:21 PM IST 2026
Activity update 1 at Mon Jan 19 10:02:26 PM IST 2026
Activity update 2 at Mon Jan 19 10:02:26 PM IST 2026
Activity update 3 at Mon Jan 19 10:02:26 PM IST 2026
Activity update 4 at Mon Jan 19 10:02:26 PM IST 2026
Activity update 5 at Mon Jan 19 10:02:26 PM IST 2026
Activity update 6 at Mon Jan 19 10:02:27 PM IST 2026
Activity update 7 at Mon Jan 19 10:02:27 PM IST 2026
Activity update 8 at Mon Jan 19 10:02:27 PM IST 2026
Activity update 9 at Mon Jan 19 10:02:27 PM IST 2026
Activity update 10 at Mon Jan 19 10:02:27 PM IST 2026
Activity update 1 at Mon Jan 19 10:02:32 PM IST 2026
Activity update 2 at Mon Jan 19 10:02:32 PM IST 2026
Activity update 3 at Mon Jan 19 10:02:32 PM IST 2026
Activity update 4 at Mon Jan 19 10:02:32 PM IST 2026
Activity update 5 at Mon Jan 19 10:02:32 PM IST 2026
Activity update 6 at Mon Jan 19 10:02:32 PM IST 2026
Activity update 7 at Mon Jan 19 10:02:32 PM IST 2026
Activity update 8 at Mon Jan 19 10:02:32 PM IST 2026
Activity update 9 at Mon Jan 19 10:02:32 PM IST 2026
Activity update 10 at Mon Jan 19 10:02:32 PM IST 2026
Activity update 1 at Tue Jan 20 08:21:09 PM IST 2026
Activity update 1 at Tue Jan 20 08:21:09 PM IST 2026
Activity update 2 at Tue Jan 20 08:21:09 PM IST 2026
Activity update 2 at Tue Jan 20 08:21:09 PM IST 2026
Activity update 3 at Tue Jan 20 08:21:09 PM IST 2026
Activity update 3 at Tue Jan 20 08:21:09 PM IST 2026
Activity update 4 at Tue Jan 20 08:21:09 PM IST 2026
Activity update 4 at Tue Jan 20 08:21:09 PM IST 2026
Activity update 5 at Tue Jan 20 08:21:09 PM IST 2026
Activity update 5 at Tue Jan 20 08:21:09 PM IST 2026
Activity update 6 at Tue Jan 20 08:21:09 PM IST 2026
Activity update 6 at Tue Jan 20 08:21:09 PM IST 2026
Activity update 7 at Tue Jan 20 08:21:09 PM IST 2026
Activity update 7 at Tue Jan 20 08:21:09 PM IST 2026
Activity update 8 at Tue Jan 20 08:21:09 PM IST 2026
Activity update 8 at Tue Jan 20 08:21:09 PM IST 2026
Activity update 9 at Tue Jan 20 08:21:09 PM IST 2026
Activity update 9 at Tue Jan 20 08:21:09 PM IST 2026
Activity update 10 at Tue Jan 20 08:21:09 PM IST 2026
Activity update 10 at Tue Jan 20 08:21:09 PM IST 2026
Activity update 1 at Tue Jan 20 08:22:02 PM IST 2026
Activity update 2 at Tue Jan 20 08:22:02 PM IST 2026
Activity update 3 at Tue Jan 20 08:22:02 PM IST 2026
Activity update 4 at Tue Jan 20 08:22:02 PM IST 2026
Activity update 5 at Tue Jan 20 08:22:02 PM IST 2026
Activity update 6 at Tue Jan 20 08:22:02 PM IST 2026
Activity update 7 at Tue Jan 20 08:22:02 PM IST 2026
Activity update 8 at Tue Jan 20 08:22:02 PM IST 2026
Activity update 9 at Tue Jan 20 08:22:02 PM IST 2026
Activity update 10 at Tue Jan 20 08:22:02 PM IST 2026
Activity update 1 at Wed Jan 21 06:17:20 PM IST 2026
Activity update 2 at Wed Jan 21 06:17:20 PM IST 2026
Activity update 3 at Wed Jan 21 06:17:20 PM IST 2026
Activity update 4 at Wed Jan 21 06:17:20 PM IST 2026
Activity update 5 at Wed Jan 21 06:17:20 PM IST 2026
Activity update 6 at Wed Jan 21 06:17:20 PM IST 2026
Activity update 7 at Wed Jan 21 06:17:20 PM IST 2026
Activity update 8 at Wed Jan 21 06:17:20 PM IST 2026
Activity update 9 at Wed Jan 21 06:17:20 PM IST 2026
Activity update 10 at Wed Jan 21 06:17:20 PM IST 2026
Activity update 1 at Wed Jan 21 06:17:24 PM IST 2026
Activity update 2 at Wed Jan 21 06:17:25 PM IST 2026
Activity update 3 at Wed Jan 21 06:17:25 PM IST 2026
Activity update 4 at Wed Jan 21 06:17:25 PM IST 2026
Activity update 5 at Wed Jan 21 06:17:25 PM IST 2026
Activity update 6 at Wed Jan 21 06:17:25 PM IST 2026
Activity update 7 at Wed Jan 21 06:17:25 PM IST 2026
Activity update 8 at Wed Jan 21 06:17:25 PM IST 2026
Activity update 9 at Wed Jan 21 06:17:25 PM IST 2026
Activity update 10 at Wed Jan 21 06:17:25 PM IST 2026
Activity update 1 at Wed Jan 21 06:17:53 PM IST 2026
Activity update 2 at Wed Jan 21 06:17:53 PM IST 2026
Activity update 3 at Wed Jan 21 06:17:53 PM IST 2026
Activity update 4 at Wed Jan 21 06:17:53 PM IST 2026
Activity update 5 at Wed Jan 21 06:17:53 PM IST 2026
Activity update 6 at Wed Jan 21 06:17:53 PM IST 2026
Activity update 7 at Wed Jan 21 06:17:53 PM IST 2026
Activity update 8 at Wed Jan 21 06:17:53 PM IST 2026
Activity update 9 at Wed Jan 21 06:17:53 PM IST 2026
Activity update 10 at Wed Jan 21 06:17:53 PM IST 2026
Activity update 1 at Wed Jan 21 06:18:01 PM IST 2026
Activity update 2 at Wed Jan 21 06:18:01 PM IST 2026
Activity update 3 at Wed Jan 21 06:18:01 PM IST 2026
Activity update 4 at Wed Jan 21 06:18:01 PM IST 2026
Activity update 5 at Wed Jan 21 06:18:01 PM IST 2026
Activity update 6 at Wed Jan 21 06:18:01 PM IST 2026
Activity update 7 at Wed Jan 21 06:18:01 PM IST 2026
Activity update 8 at Wed Jan 21 06:18:01 PM IST 2026
Activity update 9 at Wed Jan 21 06:18:01 PM IST 2026
Activity update 10 at Wed Jan 21 06:18:01 PM IST 2026
Activity update 1 at Thu Jan 22 06:11:50 PM IST 2026
Activity update 2 at Thu Jan 22 06:11:51 PM IST 2026
Activity update 3 at Thu Jan 22 06:11:51 PM IST 2026
Activity update 4 at Thu Jan 22 06:11:51 PM IST 2026
Activity update 5 at Thu Jan 22 06:11:51 PM IST 2026
Activity update 6 at Thu Jan 22 06:11:51 PM IST 2026
Activity update 7 at Thu Jan 22 06:11:51 PM IST 2026
Activity update 8 at Thu Jan 22 06:11:51 PM IST 2026
Activity update 9 at Thu Jan 22 06:11:51 PM IST 2026
Activity update 10 at Thu Jan 22 06:11:51 PM IST 2026
Activity update 1 at Thu Jan 22 06:12:07 PM IST 2026
Activity update 2 at Thu Jan 22 06:12:07 PM IST 2026
Activity update 3 at Thu Jan 22 06:12:07 PM IST 2026
Activity update 4 at Thu Jan 22 06:12:07 PM IST 2026
Activity update 5 at Thu Jan 22 06:12:07 PM IST 2026
Activity update 6 at Thu Jan 22 06:12:07 PM IST 2026
Activity update 7 at Thu Jan 22 06:12:07 PM IST 2026
Activity update 8 at Thu Jan 22 06:12:07 PM IST 2026
Activity update 9 at Thu Jan 22 06:12:07 PM IST 2026
Activity update 10 at Thu Jan 22 06:12:07 PM IST 2026
Activity update 1 at Thu Jan 22 06:12:44 PM IST 2026
Activity update 2 at Thu Jan 22 06:12:44 PM IST 2026
Activity update 3 at Thu Jan 22 06:12:44 PM IST 2026
Activity update 4 at Thu Jan 22 06:12:44 PM IST 2026
Activity update 5 at Thu Jan 22 06:12:44 PM IST 2026
Activity update 6 at Thu Jan 22 06:12:44 PM IST 2026
Activity update 7 at Thu Jan 22 06:12:44 PM IST 2026
Activity update 8 at Thu Jan 22 06:12:44 PM IST 2026
Activity update 9 at Thu Jan 22 06:12:44 PM IST 2026
Activity update 10 at Thu Jan 22 06:12:44 PM IST 2026
Activity update 1 at Thu Jan 22 06:12:53 PM IST 2026
Activity update 2 at Thu Jan 22 06:12:53 PM IST 2026
Activity update 3 at Thu Jan 22 06:12:53 PM IST 2026
Activity update 4 at Thu Jan 22 06:12:53 PM IST 2026
Activity update 5 at Thu Jan 22 06:12:53 PM IST 2026
Activity update 6 at Thu Jan 22 06:12:53 PM IST 2026
Activity update 7 at Thu Jan 22 06:12:53 PM IST 2026
Activity update 8 at Thu Jan 22 06:12:53 PM IST 2026
Activity update 9 at Thu Jan 22 06:12:53 PM IST 2026
Activity update 10 at Thu Jan 22 06:12:53 PM IST 2026
Activity update 1 at Thu Jan 22 06:13:01 PM IST 2026
Activity update 2 at Thu Jan 22 06:13:01 PM IST 2026
Activity update 3 at Thu Jan 22 06:13:01 PM IST 2026
Activity update 4 at Thu Jan 22 06:13:01 PM IST 2026
Activity update 5 at Thu Jan 22 06:13:01 PM IST 2026
Activity update 6 at Thu Jan 22 06:13:01 PM IST 2026
Activity update 7 at Thu Jan 22 06:13:01 PM IST 2026
Activity update 8 at Thu Jan 22 06:13:02 PM IST 2026
Activity update 9 at Thu Jan 22 06:13:02 PM IST 2026
Activity update 10 at Thu Jan 22 06:13:02 PM IST 2026
Activity update 1 at Thu Jan 22 06:13:33 PM IST 2026
Activity update 2 at Thu Jan 22 06:13:33 PM IST 2026
Activity update 3 at Thu Jan 22 06:13:33 PM IST 2026
Activity update 4 at Thu Jan 22 06:13:33 PM IST 2026
Activity update 5 at Thu Jan 22 06:13:33 PM IST 2026
Activity update 6 at Thu Jan 22 06:13:33 PM IST 2026
Activity update 7 at Thu Jan 22 06:13:33 PM IST 2026
Activity update 8 at Thu Jan 22 06:13:33 PM IST 2026
Activity update 9 at Thu Jan 22 06:13:33 PM IST 2026
Activity update 10 at Thu Jan 22 06:13:33 PM IST 2026
Activity update 1 at Thu Jan 22 08:08:33 PM IST 2026
Activity update 2 at Thu Jan 22 08:08:33 PM IST 2026
Activity update 3 at Thu Jan 22 08:08:33 PM IST 2026
Activity update 4 at Thu Jan 22 08:08:33 PM IST 2026
Activity update 5 at Thu Jan 22 08:08:33 PM IST 2026
Activity update 6 at Thu Jan 22 08:08:33 PM IST 2026
Activity update 7 at Thu Jan 22 08:08:33 PM IST 2026
Activity update 8 at Thu Jan 22 08:08:33 PM IST 2026
Activity update 9 at Thu Jan 22 08:08:33 PM IST 2026
Activity update 10 at Thu Jan 22 08:08:33 PM IST 2026
Activity update 1 at Thu Jan 22 08:08:38 PM IST 2026
Activity update 2 at Thu Jan 22 08:08:38 PM IST 2026
Activity update 3 at Thu Jan 22 08:08:38 PM IST 2026
Activity update 4 at Thu Jan 22 08:08:38 PM IST 2026
Activity update 5 at Thu Jan 22 08:08:39 PM IST 2026
Activity update 6 at Thu Jan 22 08:08:39 PM IST 2026
Activity update 7 at Thu Jan 22 08:08:39 PM IST 2026
Activity update 8 at Thu Jan 22 08:08:39 PM IST 2026
Activity update 9 at Thu Jan 22 08:08:39 PM IST 2026
Activity update 10 at Thu Jan 22 08:08:39 PM IST 2026
Activity update 1 at Fri Jan 23 07:24:01 AM IST 2026
Activity update 2 at Fri Jan 23 07:24:01 AM IST 2026
Activity update 3 at Fri Jan 23 07:24:01 AM IST 2026
Activity update 4 at Fri Jan 23 07:24:01 AM IST 2026
Activity update 5 at Fri Jan 23 07:24:01 AM IST 2026
Activity update 6 at Fri Jan 23 07:24:01 AM IST 2026
Activity update 7 at Fri Jan 23 07:24:01 AM IST 2026
Activity update 8 at Fri Jan 23 07:24:01 AM IST 2026
Activity update 9 at Fri Jan 23 07:24:01 AM IST 2026
Activity update 10 at Fri Jan 23 07:24:01 AM IST 2026
Activity update 1 at Fri Jan 23 07:24:04 AM IST 2026
Activity update 2 at Fri Jan 23 07:24:04 AM IST 2026
Activity update 3 at Fri Jan 23 07:24:04 AM IST 2026
Activity update 4 at Fri Jan 23 07:24:04 AM IST 2026
Activity update 5 at Fri Jan 23 07:24:04 AM IST 2026
Activity update 6 at Fri Jan 23 07:24:04 AM IST 2026
Activity update 7 at Fri Jan 23 07:24:04 AM IST 2026
Activity update 8 at Fri Jan 23 07:24:04 AM IST 2026
Activity update 9 at Fri Jan 23 07:24:04 AM IST 2026
Activity update 10 at Fri Jan 23 07:24:04 AM IST 2026
Activity update 1 at Fri Jan 23 03:38:39 PM IST 2026
Activity update 2 at Fri Jan 23 03:38:39 PM IST 2026
Activity update 3 at Fri Jan 23 03:38:39 PM IST 2026
Activity update 4 at Fri Jan 23 03:38:39 PM IST 2026
Activity update 5 at Fri Jan 23 03:38:39 PM IST 2026
Activity update 6 at Fri Jan 23 03:38:39 PM IST 2026
Activity update 7 at Fri Jan 23 03:38:39 PM IST 2026
Activity update 8 at Fri Jan 23 03:38:39 PM IST 2026
Activity update 9 at Fri Jan 23 03:38:39 PM IST 2026
Activity update 10 at Fri Jan 23 03:38:39 PM IST 2026
Activity update 1 at Fri Jan 23 03:38:44 PM IST 2026
Activity update 2 at Fri Jan 23 03:38:44 PM IST 2026
Activity update 3 at Fri Jan 23 03:38:44 PM IST 2026
Activity update 4 at Fri Jan 23 03:38:44 PM IST 2026
Activity update 5 at Fri Jan 23 03:38:44 PM IST 2026
Activity update 6 at Fri Jan 23 03:38:44 PM IST 2026
Activity update 7 at Fri Jan 23 03:38:44 PM IST 2026
Activity update 8 at Fri Jan 23 03:38:44 PM IST 2026
Activity update 9 at Fri Jan 23 03:38:44 PM IST 2026
Activity update 10 at Fri Jan 23 03:38:44 PM IST 2026
Activity update 1 at Fri Jan 23 07:50:24 PM IST 2026
Activity update 2 at Fri Jan 23 07:50:25 PM IST 2026
Activity update 3 at Fri Jan 23 07:50:25 PM IST 2026
Activity update 4 at Fri Jan 23 07:50:25 PM IST 2026
Activity update 5 at Fri Jan 23 07:50:25 PM IST 2026
Activity update 6 at Fri Jan 23 07:50:25 PM IST 2026
Activity update 7 at Fri Jan 23 07:50:25 PM IST 2026
Activity update 8 at Fri Jan 23 07:50:25 PM IST 2026
Activity update 9 at Fri Jan 23 07:50:25 PM IST 2026
Activity update 10 at Fri Jan 23 07:50:25 PM IST 2026
Activity update 1 at Fri Jan 23 07:50:32 PM IST 2026
Activity update 2 at Fri Jan 23 07:50:32 PM IST 2026
Activity update 3 at Fri Jan 23 07:50:32 PM IST 2026
Activity update 4 at Fri Jan 23 07:50:32 PM IST 2026
Activity update 5 at Fri Jan 23 07:50:32 PM IST 2026
Activity update 6 at Fri Jan 23 07:50:32 PM IST 2026
Activity update 7 at Fri Jan 23 07:50:32 PM IST 2026
Activity update 8 at Fri Jan 23 07:50:32 PM IST 2026
Activity update 9 at Fri Jan 23 07:50:32 PM IST 2026
Activity update 10 at Fri Jan 23 07:50:32 PM IST 2026
Activity update 1 at Sat Jan 24 10:36:26 AM IST 2026
Activity update 2 at Sat Jan 24 10:36:26 AM IST 2026
Activity update 3 at Sat Jan 24 10:36:26 AM IST 2026
Activity update 4 at Sat Jan 24 10:36:26 AM IST 2026
Activity update 5 at Sat Jan 24 10:36:26 AM IST 2026
Activity update 6 at Sat Jan 24 10:36:26 AM IST 2026
Activity update 7 at Sat Jan 24 10:36:26 AM IST 2026
Activity update 8 at Sat Jan 24 10:36:26 AM IST 2026
Activity update 9 at Sat Jan 24 10:36:26 AM IST 2026
Activity update 10 at Sat Jan 24 10:36:26 AM IST 2026
Activity update 1 at Sat Jan 24 10:36:34 AM IST 2026
Activity update 2 at Sat Jan 24 10:36:34 AM IST 2026
Activity update 3 at Sat Jan 24 10:36:34 AM IST 2026
Activity update 4 at Sat Jan 24 10:36:34 AM IST 2026
Activity update 5 at Sat Jan 24 10:36:34 AM IST 2026
Activity update 6 at Sat Jan 24 10:36:34 AM IST 2026
Activity update 7 at Sat Jan 24 10:36:34 AM IST 2026
Activity update 8 at Sat Jan 24 10:36:34 AM IST 2026
Activity update 9 at Sat Jan 24 10:36:34 AM IST 2026
Activity update 10 at Sat Jan 24 10:36:34 AM IST 2026
Activity update 1 at Sun Jan 25 02:38:18 AM IST 2026
Activity update 2 at Sun Jan 25 02:38:18 AM IST 2026
Activity update 3 at Sun Jan 25 02:38:18 AM IST 2026
Activity update 4 at Sun Jan 25 02:38:18 AM IST 2026
Activity update 5 at Sun Jan 25 02:38:18 AM IST 2026
Activity update 6 at Sun Jan 25 02:38:18 AM IST 2026
Activity update 7 at Sun Jan 25 02:38:18 AM IST 2026
Activity update 8 at Sun Jan 25 02:38:18 AM IST 2026
Activity update 9 at Sun Jan 25 02:38:18 AM IST 2026
Activity update 10 at Sun Jan 25 02:38:18 AM IST 2026
Activity update 1 at Sun Jan 25 02:38:27 AM IST 2026
Activity update 2 at Sun Jan 25 02:38:27 AM IST 2026
Activity update 3 at Sun Jan 25 02:38:27 AM IST 2026
Activity update 4 at Sun Jan 25 02:38:27 AM IST 2026
Activity update 5 at Sun Jan 25 02:38:27 AM IST 2026
Activity update 6 at Sun Jan 25 02:38:27 AM IST 2026
Activity update 7 at Sun Jan 25 02:38:27 AM IST 2026
Activity update 8 at Sun Jan 25 02:38:27 AM IST 2026
Activity update 9 at Sun Jan 25 02:38:27 AM IST 2026
Activity update 10 at Sun Jan 25 02:38:27 AM IST 2026
Activity update 1 at Sat Jan 24 09:09:16 PM IST 2026
Activity update 2 at Sat Jan 24 09:09:16 PM IST 2026
Activity update 3 at Sat Jan 24 09:09:16 PM IST 2026
Activity update 4 at Sat Jan 24 09:09:16 PM IST 2026
Activity update 5 at Sat Jan 24 09:09:16 PM IST 2026
Activity update 6 at Sat Jan 24 09:09:16 PM IST 2026
Activity update 7 at Sat Jan 24 09:09:16 PM IST 2026
Activity update 8 at Sat Jan 24 09:09:16 PM IST 2026
Activity update 9 at Sat Jan 24 09:09:16 PM IST 2026
Activity update 10 at Sat Jan 24 09:09:16 PM IST 2026
Activity update 1 at Sat Jan 24 09:09:22 PM IST 2026
Activity update 2 at Sat Jan 24 09:09:22 PM IST 2026
Activity update 3 at Sat Jan 24 09:09:22 PM IST 2026
Activity update 4 at Sat Jan 24 09:09:22 PM IST 2026
Activity update 5 at Sat Jan 24 09:09:22 PM IST 2026
Activity update 6 at Sat Jan 24 09:09:22 PM IST 2026
Activity update 7 at Sat Jan 24 09:09:22 PM IST 2026
Activity update 8 at Sat Jan 24 09:09:22 PM IST 2026
Activity update 9 at Sat Jan 24 09:09:22 PM IST 2026
Activity update 10 at Sat Jan 24 09:09:22 PM IST 2026
Activity update 1 at Sat Jan 24 09:18:47 PM IST 2026
Activity update 2 at Sat Jan 24 09:18:47 PM IST 2026
Activity update 3 at Sat Jan 24 09:18:47 PM IST 2026
Activity update 4 at Sat Jan 24 09:18:47 PM IST 2026
Activity update 5 at Sat Jan 24 09:18:47 PM IST 2026
Activity update 6 at Sat Jan 24 09:18:47 PM IST 2026
Activity update 7 at Sat Jan 24 09:18:47 PM IST 2026
Activity update 8 at Sat Jan 24 09:18:47 PM IST 2026
Activity update 9 at Sat Jan 24 09:18:47 PM IST 2026
Activity update 10 at Sat Jan 24 09:18:47 PM IST 2026
Activity update 1 at Sat Jan 24 09:18:50 PM IST 2026
Activity update 2 at Sat Jan 24 09:18:50 PM IST 2026
Activity update 3 at Sat Jan 24 09:18:50 PM IST 2026
Activity update 4 at Sat Jan 24 09:18:50 PM IST 2026
Activity update 5 at Sat Jan 24 09:18:50 PM IST 2026
Activity update 6 at Sat Jan 24 09:18:50 PM IST 2026
Activity update 7 at Sat Jan 24 09:18:50 PM IST 2026
Activity update 8 at Sat Jan 24 09:18:50 PM IST 2026
Activity update 9 at Sat Jan 24 09:18:50 PM IST 2026
Activity update 10 at Sat Jan 24 09:18:50 PM IST 2026
Activity update 1 at Sat Jan 24 09:42:24 PM IST 2026
Activity update 2 at Sat Jan 24 09:42:24 PM IST 2026
Activity update 3 at Sat Jan 24 09:42:24 PM IST 2026
Activity update 4 at Sat Jan 24 09:42:24 PM IST 2026
Activity update 5 at Sat Jan 24 09:42:24 PM IST 2026
Activity update 6 at Sat Jan 24 09:42:24 PM IST 2026
Activity update 7 at Sat Jan 24 09:42:24 PM IST 2026
Activity update 8 at Sat Jan 24 09:42:24 PM IST 2026
Activity update 9 at Sat Jan 24 09:42:24 PM IST 2026
Activity update 10 at Sat Jan 24 09:42:24 PM IST 2026
Activity update 1 at Sat Jan 24 09:42:29 PM IST 2026
Activity update 2 at Sat Jan 24 09:42:29 PM IST 2026
Activity update 3 at Sat Jan 24 09:42:29 PM IST 2026
Activity update 4 at Sat Jan 24 09:42:29 PM IST 2026
Activity update 5 at Sat Jan 24 09:42:29 PM IST 2026
Activity update 6 at Sat Jan 24 09:42:29 PM IST 2026
Activity update 7 at Sat Jan 24 09:42:29 PM IST 2026
Activity update 8 at Sat Jan 24 09:42:29 PM IST 2026
Activity update 9 at Sat Jan 24 09:42:29 PM IST 2026
Activity update 10 at Sat Jan 24 09:42:29 PM IST 2026
Activity update 1 at Sat Jan 24 10:06:27 PM IST 2026
Activity update 2 at Sat Jan 24 10:06:27 PM IST 2026
Activity update 3 at Sat Jan 24 10:06:27 PM IST 2026
Activity update 4 at Sat Jan 24 10:06:27 PM IST 2026
Activity update 5 at Sat Jan 24 10:06:27 PM IST 2026
Activity update 6 at Sat Jan 24 10:06:27 PM IST 2026
Activity update 7 at Sat Jan 24 10:06:27 PM IST 2026
Activity update 8 at Sat Jan 24 10:06:27 PM IST 2026
Activity update 9 at Sat Jan 24 10:06:27 PM IST 2026
Activity update 10 at Sat Jan 24 10:06:27 PM IST 2026
Activity update 1 at Sat Jan 24 10:06:31 PM IST 2026
Activity update 2 at Sat Jan 24 10:06:31 PM IST 2026
Activity update 3 at Sat Jan 24 10:06:31 PM IST 2026
Activity update 4 at Sat Jan 24 10:06:31 PM IST 2026
Activity update 5 at Sat Jan 24 10:06:31 PM IST 2026
Activity update 6 at Sat Jan 24 10:06:31 PM IST 2026
Activity update 7 at Sat Jan 24 10:06:31 PM IST 2026
Activity update 8 at Sat Jan 24 10:06:31 PM IST 2026
Activity update 9 at Sat Jan 24 10:06:31 PM IST 2026
Activity update 10 at Sat Jan 24 10:06:31 PM IST 2026
Activity update 1 at Sun Jan 25 06:24:23 PM IST 2026
Activity update 2 at Sun Jan 25 06:24:23 PM IST 2026
Activity update 3 at Sun Jan 25 06:24:23 PM IST 2026
Activity update 4 at Sun Jan 25 06:24:23 PM IST 2026
Activity update 5 at Sun Jan 25 06:24:23 PM IST 2026
Activity update 6 at Sun Jan 25 06:24:23 PM IST 2026
Activity update 7 at Sun Jan 25 06:24:24 PM IST 2026
Activity update 8 at Sun Jan 25 06:24:24 PM IST 2026
Activity update 9 at Sun Jan 25 06:24:24 PM IST 2026
Activity update 10 at Sun Jan 25 06:24:24 PM IST 2026
Activity update 1 at Sun Jan 25 06:24:26 PM IST 2026
Activity update 2 at Sun Jan 25 06:24:26 PM IST 2026
Activity update 3 at Sun Jan 25 06:24:26 PM IST 2026
Activity update 4 at Sun Jan 25 06:24:26 PM IST 2026
Activity update 5 at Sun Jan 25 06:24:26 PM IST 2026
Activity update 6 at Sun Jan 25 06:24:26 PM IST 2026
Activity update 7 at Sun Jan 25 06:24:26 PM IST 2026
Activity update 8 at Sun Jan 25 06:24:26 PM IST 2026
Activity update 9 at Sun Jan 25 06:24:26 PM IST 2026
Activity update 10 at Sun Jan 25 06:24:26 PM IST 2026
Activity update 1 at Sun Jan 25 05:43:09 PM IST 2026
Activity update 2 at Sun Jan 25 05:43:09 PM IST 2026
Activity update 3 at Sun Jan 25 05:43:09 PM IST 2026
Activity update 4 at Sun Jan 25 05:43:09 PM IST 2026
Activity update 5 at Sun Jan 25 05:43:09 PM IST 2026
Activity update 6 at Sun Jan 25 05:43:09 PM IST 2026
Activity update 7 at Sun Jan 25 05:43:09 PM IST 2026
Activity update 8 at Sun Jan 25 05:43:09 PM IST 2026
Activity update 9 at Sun Jan 25 05:43:09 PM IST 2026
Activity update 10 at Sun Jan 25 05:43:09 PM IST 2026
Activity update 1 at Sun Jan 25 05:43:22 PM IST 2026
Activity update 2 at Sun Jan 25 05:43:22 PM IST 2026
Activity update 3 at Sun Jan 25 05:43:22 PM IST 2026
Activity update 4 at Sun Jan 25 05:43:22 PM IST 2026
Activity update 5 at Sun Jan 25 05:43:22 PM IST 2026
Activity update 6 at Sun Jan 25 05:43:22 PM IST 2026
Activity update 7 at Sun Jan 25 05:43:22 PM IST 2026
Activity update 8 at Sun Jan 25 05:43:22 PM IST 2026
Activity update 9 at Sun Jan 25 05:43:22 PM IST 2026
Activity update 10 at Sun Jan 25 05:43:22 PM IST 2026
Activity update 1 at Mon Jan 26 02:17:49 PM IST 2026
Activity update 2 at Mon Jan 26 02:17:49 PM IST 2026
Activity update 3 at Mon Jan 26 02:17:49 PM IST 2026
Activity update 4 at Mon Jan 26 02:17:49 PM IST 2026
Activity update 5 at Mon Jan 26 02:17:49 PM IST 2026
Activity update 6 at Mon Jan 26 02:17:49 PM IST 2026
Activity update 7 at Mon Jan 26 02:17:49 PM IST 2026
Activity update 8 at Mon Jan 26 02:17:49 PM IST 2026
Activity update 9 at Mon Jan 26 02:17:49 PM IST 2026
Activity update 10 at Mon Jan 26 02:17:49 PM IST 2026
Activity update 1 at Mon Jan 26 08:48:13 AM IST 2026
Activity update 2 at Mon Jan 26 08:48:13 AM IST 2026
Activity update 3 at Mon Jan 26 08:48:13 AM IST 2026
Activity update 4 at Mon Jan 26 08:48:13 AM IST 2026
Activity update 5 at Mon Jan 26 08:48:13 AM IST 2026
Activity update 6 at Mon Jan 26 08:48:13 AM IST 2026
Activity update 7 at Mon Jan 26 08:48:13 AM IST 2026
Activity update 8 at Mon Jan 26 08:48:13 AM IST 2026
Activity update 9 at Mon Jan 26 08:48:13 AM IST 2026
Activity update 10 at Mon Jan 26 08:48:13 AM IST 2026
Activity update 1 at Mon Jan 26 08:50:16 AM IST 2026
Activity update 2 at Mon Jan 26 08:50:16 AM IST 2026
Activity update 3 at Mon Jan 26 08:50:16 AM IST 2026
Activity update 4 at Mon Jan 26 08:50:16 AM IST 2026
Activity update 5 at Mon Jan 26 08:50:16 AM IST 2026
Activity update 6 at Mon Jan 26 08:50:16 AM IST 2026
Activity update 7 at Mon Jan 26 08:50:16 AM IST 2026
Activity update 8 at Mon Jan 26 08:50:16 AM IST 2026
Activity update 9 at Mon Jan 26 08:50:16 AM IST 2026
Activity update 10 at Mon Jan 26 08:50:16 AM IST 2026
Activity update 1 at Tue Jan 27 07:55:09 AM IST 2026
Activity update 2 at Tue Jan 27 07:55:09 AM IST 2026
Activity update 3 at Tue Jan 27 07:55:09 AM IST 2026
Activity update 4 at Tue Jan 27 07:55:09 AM IST 2026
Activity update 5 at Tue Jan 27 07:55:09 AM IST 2026
Activity update 6 at Tue Jan 27 07:55:09 AM IST 2026
Activity update 7 at Tue Jan 27 07:55:09 AM IST 2026
Activity update 8 at Tue Jan 27 07:55:09 AM IST 2026
Activity update 9 at Tue Jan 27 07:55:09 AM IST 2026
Activity update 10 at Tue Jan 27 07:55:09 AM IST 2026
Activity update 1 at Tue Jan 27 07:55:14 AM IST 2026
Activity update 2 at Tue Jan 27 07:55:14 AM IST 2026
Activity update 3 at Tue Jan 27 07:55:14 AM IST 2026
Activity update 4 at Tue Jan 27 07:55:14 AM IST 2026
Activity update 5 at Tue Jan 27 07:55:14 AM IST 2026
Activity update 6 at Tue Jan 27 07:55:14 AM IST 2026
Activity update 7 at Tue Jan 27 07:55:14 AM IST 2026
Activity update 8 at Tue Jan 27 07:55:14 AM IST 2026
Activity update 9 at Tue Jan 27 07:55:14 AM IST 2026
Activity update 10 at Tue Jan 27 07:55:14 AM IST 2026
Activity update 1 at Tue Jan 27 08:10:10 AM IST 2026
Activity update 2 at Tue Jan 27 08:10:10 AM IST 2026
Activity update 3 at Tue Jan 27 08:10:11 AM IST 2026
Activity update 4 at Tue Jan 27 08:10:11 AM IST 2026
Activity update 5 at Tue Jan 27 08:10:11 AM IST 2026
Activity update 6 at Tue Jan 27 08:10:11 AM IST 2026
Activity update 7 at Tue Jan 27 08:10:11 AM IST 2026
Activity update 8 at Tue Jan 27 08:10:11 AM IST 2026
Activity update 9 at Tue Jan 27 08:10:11 AM IST 2026
Activity update 10 at Tue Jan 27 08:10:11 AM IST 2026
Activity update 1 at Tue Jan 27 08:10:21 AM IST 2026
Activity update 2 at Tue Jan 27 08:10:21 AM IST 2026
Activity update 3 at Tue Jan 27 08:10:21 AM IST 2026
Activity update 4 at Tue Jan 27 08:10:21 AM IST 2026
Activity update 5 at Tue Jan 27 08:10:21 AM IST 2026
Activity update 6 at Tue Jan 27 08:10:21 AM IST 2026
Activity update 7 at Tue Jan 27 08:10:21 AM IST 2026
Activity update 8 at Tue Jan 27 08:10:21 AM IST 2026
Activity update 9 at Tue Jan 27 08:10:21 AM IST 2026
Activity update 10 at Tue Jan 27 08:10:21 AM IST 2026
Activity update 1 at Tue Jan 27 05:16:45 PM IST 2026
Activity update 2 at Tue Jan 27 05:16:45 PM IST 2026
Activity update 3 at Tue Jan 27 05:16:45 PM IST 2026
Activity update 4 at Tue Jan 27 05:16:45 PM IST 2026
Activity update 5 at Tue Jan 27 05:16:45 PM IST 2026
Activity update 6 at Tue Jan 27 05:16:46 PM IST 2026
Activity update 7 at Tue Jan 27 05:16:46 PM IST 2026
Activity update 8 at Tue Jan 27 05:16:46 PM IST 2026
Activity update 9 at Tue Jan 27 05:16:46 PM IST 2026
Activity update 10 at Tue Jan 27 05:16:46 PM IST 2026
Activity update 1 at Tue Jan 27 05:16:49 PM IST 2026
Activity update 2 at Tue Jan 27 05:16:49 PM IST 2026
Activity update 3 at Tue Jan 27 05:16:50 PM IST 2026
Activity update 4 at Tue Jan 27 05:16:50 PM IST 2026
Activity update 5 at Tue Jan 27 05:16:50 PM IST 2026
Activity update 6 at Tue Jan 27 05:16:50 PM IST 2026
Activity update 7 at Tue Jan 27 05:16:50 PM IST 2026
Activity update 8 at Tue Jan 27 05:16:50 PM IST 2026
Activity update 9 at Tue Jan 27 05:16:50 PM IST 2026
Activity update 10 at Tue Jan 27 05:16:50 PM IST 2026
Activity update 1 at Wed Jan 28 11:35:24 AM IST 2026
Activity update 2 at Wed Jan 28 11:35:24 AM IST 2026
Activity update 3 at Wed Jan 28 11:35:24 AM IST 2026
Activity update 4 at Wed Jan 28 11:35:24 AM IST 2026
Activity update 5 at Wed Jan 28 11:35:24 AM IST 2026
Activity update 6 at Wed Jan 28 11:35:24 AM IST 2026
Activity update 7 at Wed Jan 28 11:35:24 AM IST 2026
Activity update 8 at Wed Jan 28 11:35:24 AM IST 2026
Activity update 9 at Wed Jan 28 11:35:24 AM IST 2026
Activity update 10 at Wed Jan 28 11:35:24 AM IST 2026
Activity update 1 at Thu Jan 29 03:59:52 PM IST 2026
Activity update 2 at Thu Jan 29 03:59:52 PM IST 2026
Activity update 3 at Thu Jan 29 03:59:52 PM IST 2026
Activity update 4 at Thu Jan 29 03:59:52 PM IST 2026
Activity update 5 at Thu Jan 29 03:59:52 PM IST 2026
Activity update 6 at Thu Jan 29 03:59:52 PM IST 2026
Activity update 7 at Thu Jan 29 03:59:52 PM IST 2026
Activity update 8 at Thu Jan 29 03:59:52 PM IST 2026
Activity update 9 at Thu Jan 29 03:59:52 PM IST 2026
Activity update 10 at Thu Jan 29 03:59:52 PM IST 2026
Activity update 1 at Thu Jan 29 03:59:58 PM IST 2026
Activity update 2 at Thu Jan 29 03:59:58 PM IST 2026
Activity update 3 at Thu Jan 29 03:59:58 PM IST 2026
Activity update 4 at Thu Jan 29 03:59:58 PM IST 2026
Activity update 5 at Thu Jan 29 03:59:58 PM IST 2026
Activity update 6 at Thu Jan 29 03:59:58 PM IST 2026
Activity update 7 at Thu Jan 29 03:59:58 PM IST 2026
Activity update 8 at Thu Jan 29 03:59:58 PM IST 2026
Activity update 9 at Thu Jan 29 03:59:58 PM IST 2026
Activity update 10 at Thu Jan 29 03:59:58 PM IST 2026
Activity update 1 at Thu Jan 29 12:57:44 PM IST 2026
Activity update 2 at Thu Jan 29 12:57:44 PM IST 2026
Activity update 3 at Thu Jan 29 12:57:44 PM IST 2026
Activity update 4 at Thu Jan 29 12:57:44 PM IST 2026
Activity update 5 at Thu Jan 29 12:57:44 PM IST 2026
Activity update 6 at Thu Jan 29 12:57:44 PM IST 2026
Activity update 7 at Thu Jan 29 12:57:44 PM IST 2026
Activity update 8 at Thu Jan 29 12:57:44 PM IST 2026
Activity update 9 at Thu Jan 29 12:57:44 PM IST 2026
Activity update 10 at Thu Jan 29 12:57:44 PM IST 2026
Activity update 1 at Thu Jan 29 12:57:48 PM IST 2026
Activity update 2 at Thu Jan 29 12:57:48 PM IST 2026
Activity update 3 at Thu Jan 29 12:57:48 PM IST 2026
Activity update 4 at Thu Jan 29 12:57:48 PM IST 2026
Activity update 5 at Thu Jan 29 12:57:48 PM IST 2026
Activity update 6 at Thu Jan 29 12:57:48 PM IST 2026
Activity update 7 at Thu Jan 29 12:57:48 PM IST 2026
Activity update 8 at Thu Jan 29 12:57:48 PM IST 2026
Activity update 9 at Thu Jan 29 12:57:48 PM IST 2026
Activity update 10 at Thu Jan 29 12:57:48 PM IST 2026
Activity update 1 at Thu Jan 29 03:18:04 PM IST 2026
Activity update 2 at Thu Jan 29 03:18:04 PM IST 2026
Activity update 3 at Thu Jan 29 03:18:04 PM IST 2026
Activity update 4 at Thu Jan 29 03:18:04 PM IST 2026
Activity update 5 at Thu Jan 29 03:18:04 PM IST 2026
Activity update 6 at Thu Jan 29 03:18:04 PM IST 2026
Activity update 7 at Thu Jan 29 03:18:04 PM IST 2026
Activity update 8 at Thu Jan 29 03:18:04 PM IST 2026
Activity update 9 at Thu Jan 29 03:18:04 PM IST 2026
Activity update 10 at Thu Jan 29 03:18:04 PM IST 2026
Activity update 1 at Thu Jan 29 03:18:32 PM IST 2026
Activity update 2 at Thu Jan 29 03:18:32 PM IST 2026
Activity update 3 at Thu Jan 29 03:18:32 PM IST 2026
Activity update 4 at Thu Jan 29 03:18:32 PM IST 2026
Activity update 5 at Thu Jan 29 03:18:32 PM IST 2026
Activity update 6 at Thu Jan 29 03:18:32 PM IST 2026
Activity update 7 at Thu Jan 29 03:18:32 PM IST 2026
Activity update 8 at Thu Jan 29 03:18:32 PM IST 2026
Activity update 9 at Thu Jan 29 03:18:32 PM IST 2026
Activity update 10 at Thu Jan 29 03:18:32 PM IST 2026
Activity update 1 at Thu Jan 29 05:18:52 PM IST 2026
Activity update 2 at Thu Jan 29 05:18:52 PM IST 2026
Activity update 3 at Thu Jan 29 05:18:52 PM IST 2026
Activity update 4 at Thu Jan 29 05:18:52 PM IST 2026
Activity update 5 at Thu Jan 29 05:18:52 PM IST 2026
Activity update 6 at Thu Jan 29 05:18:52 PM IST 2026
Activity update 7 at Thu Jan 29 05:18:52 PM IST 2026
Activity update 8 at Thu Jan 29 05:18:52 PM IST 2026
Activity update 9 at Thu Jan 29 05:18:52 PM IST 2026
Activity update 10 at Thu Jan 29 05:18:52 PM IST 2026
Activity update 1 at Thu Jan 29 05:18:56 PM IST 2026
Activity update 2 at Thu Jan 29 05:18:56 PM IST 2026
Activity update 3 at Thu Jan 29 05:18:56 PM IST 2026
Activity update 4 at Thu Jan 29 05:18:56 PM IST 2026
Activity update 5 at Thu Jan 29 05:18:56 PM IST 2026
Activity update 6 at Thu Jan 29 05:18:56 PM IST 2026
Activity update 7 at Thu Jan 29 05:18:56 PM IST 2026
Activity update 8 at Thu Jan 29 05:18:56 PM IST 2026
Activity update 9 at Thu Jan 29 05:18:56 PM IST 2026
Activity update 10 at Thu Jan 29 05:18:56 PM IST 2026
Activity update 1 at Thu Jan 29 10:40:40 PM IST 2026
Activity update 2 at Thu Jan 29 10:40:40 PM IST 2026
Activity update 3 at Thu Jan 29 10:40:40 PM IST 2026
Activity update 4 at Thu Jan 29 10:40:40 PM IST 2026
Activity update 5 at Thu Jan 29 10:40:40 PM IST 2026
Activity update 6 at Thu Jan 29 10:40:40 PM IST 2026
Activity update 7 at Thu Jan 29 10:40:40 PM IST 2026
Activity update 8 at Thu Jan 29 10:40:40 PM IST 2026
Activity update 9 at Thu Jan 29 10:40:40 PM IST 2026
Activity update 10 at Thu Jan 29 10:40:40 PM IST 2026
Activity update 1 at Thu Jan 29 10:40:41 PM IST 2026
Activity update 2 at Thu Jan 29 10:40:41 PM IST 2026
Activity update 3 at Thu Jan 29 10:40:41 PM IST 2026
Activity update 4 at Thu Jan 29 10:40:41 PM IST 2026
Activity update 5 at Thu Jan 29 10:40:41 PM IST 2026
Activity update 6 at Thu Jan 29 10:40:41 PM IST 2026
Activity update 7 at Thu Jan 29 10:40:41 PM IST 2026
Activity update 8 at Thu Jan 29 10:40:41 PM IST 2026
Activity update 9 at Thu Jan 29 10:40:41 PM IST 2026
Activity update 10 at Thu Jan 29 10:40:41 PM IST 2026
Activity update 1 at Fri Jan 30 12:10:29 AM IST 2026
Activity update 2 at Fri Jan 30 12:10:29 AM IST 2026
Activity update 3 at Fri Jan 30 12:10:29 AM IST 2026
Activity update 4 at Fri Jan 30 12:10:29 AM IST 2026
Activity update 5 at Fri Jan 30 12:10:29 AM IST 2026
Activity update 6 at Fri Jan 30 12:10:29 AM IST 2026
Activity update 7 at Fri Jan 30 12:10:29 AM IST 2026
Activity update 8 at Fri Jan 30 12:10:29 AM IST 2026
Activity update 9 at Fri Jan 30 12:10:29 AM IST 2026
Activity update 10 at Fri Jan 30 12:10:29 AM IST 2026
Activity update 1 at Fri Jan 30 12:10:30 AM IST 2026
Activity update 2 at Fri Jan 30 12:10:30 AM IST 2026
Activity update 3 at Fri Jan 30 12:10:30 AM IST 2026
Activity update 4 at Fri Jan 30 12:10:30 AM IST 2026
Activity update 5 at Fri Jan 30 12:10:30 AM IST 2026
Activity update 6 at Fri Jan 30 12:10:30 AM IST 2026
Activity update 7 at Fri Jan 30 12:10:30 AM IST 2026
Activity update 8 at Fri Jan 30 12:10:30 AM IST 2026
Activity update 9 at Fri Jan 30 12:10:30 AM IST 2026
Activity update 10 at Fri Jan 30 12:10:30 AM IST 2026
Activity update 1 at Fri Jan 30 12:14:38 AM IST 2026
Activity update 2 at Fri Jan 30 12:14:38 AM IST 2026
Activity update 3 at Fri Jan 30 12:14:38 AM IST 2026
Activity update 4 at Fri Jan 30 12:14:38 AM IST 2026
Activity update 5 at Fri Jan 30 12:14:38 AM IST 2026
Activity update 6 at Fri Jan 30 12:14:38 AM IST 2026
Activity update 7 at Fri Jan 30 12:14:38 AM IST 2026
Activity update 8 at Fri Jan 30 12:14:38 AM IST 2026
Activity update 9 at Fri Jan 30 12:14:38 AM IST 2026
Activity update 10 at Fri Jan 30 12:14:38 AM IST 2026
Activity update 1 at Fri Jan 30 12:14:44 AM IST 2026
Activity update 2 at Fri Jan 30 12:14:44 AM IST 2026
Activity update 3 at Fri Jan 30 12:14:44 AM IST 2026
Activity update 4 at Fri Jan 30 12:14:44 AM IST 2026
Activity update 5 at Fri Jan 30 12:14:44 AM IST 2026
Activity update 6 at Fri Jan 30 12:14:44 AM IST 2026
Activity update 7 at Fri Jan 30 12:14:44 AM IST 2026
Activity update 8 at Fri Jan 30 12:14:44 AM IST 2026
Activity update 9 at Fri Jan 30 12:14:44 AM IST 2026
Activity update 10 at Fri Jan 30 12:14:44 AM IST 2026
Activity update 1 at Fri Jan 30 08:55:39 AM IST 2026
Activity update 2 at Fri Jan 30 08:55:39 AM IST 2026
Activity update 3 at Fri Jan 30 08:55:39 AM IST 2026
Activity update 4 at Fri Jan 30 08:55:39 AM IST 2026
Activity update 5 at Fri Jan 30 08:55:39 AM IST 2026
Activity update 6 at Fri Jan 30 08:55:39 AM IST 2026
Activity update 7 at Fri Jan 30 08:55:39 AM IST 2026
Activity update 8 at Fri Jan 30 08:55:39 AM IST 2026
Activity update 9 at Fri Jan 30 08:55:39 AM IST 2026
Activity update 10 at Fri Jan 30 08:55:39 AM IST 2026
Activity update 1 at Fri Jan 30 08:55:45 AM IST 2026
Activity update 2 at Fri Jan 30 08:55:45 AM IST 2026
Activity update 3 at Fri Jan 30 08:55:45 AM IST 2026
Activity update 4 at Fri Jan 30 08:55:45 AM IST 2026
Activity update 5 at Fri Jan 30 08:55:45 AM IST 2026
Activity update 6 at Fri Jan 30 08:55:45 AM IST 2026
Activity update 7 at Fri Jan 30 08:55:45 AM IST 2026
Activity update 8 at Fri Jan 30 08:55:45 AM IST 2026
Activity update 9 at Fri Jan 30 08:55:45 AM IST 2026
Activity update 10 at Fri Jan 30 08:55:45 AM IST 2026
Activity update 1 at Fri Jan 30 02:15:10 PM IST 2026
Activity update 2 at Fri Jan 30 02:15:10 PM IST 2026
Activity update 3 at Fri Jan 30 02:15:10 PM IST 2026
Activity update 4 at Fri Jan 30 02:15:10 PM IST 2026
Activity update 5 at Fri Jan 30 02:15:10 PM IST 2026
Activity update 6 at Fri Jan 30 02:15:10 PM IST 2026
Activity update 7 at Fri Jan 30 02:15:10 PM IST 2026
Activity update 8 at Fri Jan 30 02:15:10 PM IST 2026
Activity update 9 at Fri Jan 30 02:15:10 PM IST 2026
Activity update 10 at Fri Jan 30 02:15:11 PM IST 2026
Activity update 1 at Fri Jan 30 02:15:24 PM IST 2026
Activity update 2 at Fri Jan 30 02:15:24 PM IST 2026
Activity update 3 at Fri Jan 30 02:15:24 PM IST 2026
Activity update 4 at Fri Jan 30 02:15:24 PM IST 2026
Activity update 5 at Fri Jan 30 02:15:24 PM IST 2026
Activity update 6 at Fri Jan 30 02:15:24 PM IST 2026
Activity update 7 at Fri Jan 30 02:15:24 PM IST 2026
Activity update 8 at Fri Jan 30 02:15:24 PM IST 2026
Activity update 9 at Fri Jan 30 02:15:25 PM IST 2026
Activity update 10 at Fri Jan 30 02:15:25 PM IST 2026
Activity update 1 at Sat Jan 31 11:50:07 AM IST 2026
Activity update 2 at Sat Jan 31 11:50:07 AM IST 2026
Activity update 3 at Sat Jan 31 11:50:07 AM IST 2026
Activity update 4 at Sat Jan 31 11:50:07 AM IST 2026
Activity update 5 at Sat Jan 31 11:50:07 AM IST 2026
Activity update 6 at Sat Jan 31 11:50:07 AM IST 2026
Activity update 7 at Sat Jan 31 11:50:07 AM IST 2026
Activity update 8 at Sat Jan 31 11:50:07 AM IST 2026
Activity update 9 at Sat Jan 31 11:50:07 AM IST 2026
Activity update 10 at Sat Jan 31 11:50:07 AM IST 2026
Activity update 1 at Sat Jan 31 11:50:16 AM IST 2026
Activity update 2 at Sat Jan 31 11:50:16 AM IST 2026
Activity update 3 at Sat Jan 31 11:50:16 AM IST 2026
Activity update 4 at Sat Jan 31 11:50:16 AM IST 2026
Activity update 5 at Sat Jan 31 11:50:16 AM IST 2026
Activity update 6 at Sat Jan 31 11:50:16 AM IST 2026
Activity update 7 at Sat Jan 31 11:50:16 AM IST 2026
Activity update 8 at Sat Jan 31 11:50:16 AM IST 2026
Activity update 9 at Sat Jan 31 11:50:16 AM IST 2026
Activity update 10 at Sat Jan 31 11:50:16 AM IST 2026
Activity update 1 at Sat Jan 31 02:04:03 PM IST 2026
Activity update 2 at Sat Jan 31 02:04:03 PM IST 2026
Activity update 3 at Sat Jan 31 02:04:03 PM IST 2026
Activity update 4 at Sat Jan 31 02:04:03 PM IST 2026
Activity update 5 at Sat Jan 31 02:04:03 PM IST 2026
Activity update 6 at Sat Jan 31 02:04:03 PM IST 2026
Activity update 7 at Sat Jan 31 02:04:03 PM IST 2026
Activity update 8 at Sat Jan 31 02:04:03 PM IST 2026
Activity update 9 at Sat Jan 31 02:04:03 PM IST 2026
Activity update 10 at Sat Jan 31 02:04:03 PM IST 2026
Activity update 1 at Sat Jan 31 02:04:07 PM IST 2026
Activity update 2 at Sat Jan 31 02:04:08 PM IST 2026
Activity update 3 at Sat Jan 31 02:04:08 PM IST 2026
Activity update 4 at Sat Jan 31 02:04:08 PM IST 2026
Activity update 5 at Sat Jan 31 02:04:08 PM IST 2026
Activity update 6 at Sat Jan 31 02:04:08 PM IST 2026
Activity update 7 at Sat Jan 31 02:04:08 PM IST 2026
Activity update 8 at Sat Jan 31 02:04:08 PM IST 2026
Activity update 9 at Sat Jan 31 02:04:08 PM IST 2026
Activity update 10 at Sat Jan 31 02:04:08 PM IST 2026
Activity update 1 at Sat Jan 31 02:38:54 PM IST 2026
Activity update 2 at Sat Jan 31 02:38:54 PM IST 2026
Activity update 3 at Sat Jan 31 02:38:54 PM IST 2026
Activity update 4 at Sat Jan 31 02:38:54 PM IST 2026
Activity update 5 at Sat Jan 31 02:38:54 PM IST 2026
Activity update 6 at Sat Jan 31 02:38:54 PM IST 2026
Activity update 7 at Sat Jan 31 02:38:54 PM IST 2026
Activity update 8 at Sat Jan 31 02:38:54 PM IST 2026
Activity update 9 at Sat Jan 31 02:38:54 PM IST 2026
Activity update 10 at Sat Jan 31 02:38:54 PM IST 2026
Activity update 1 at Sat Jan 31 02:39:08 PM IST 2026
Activity update 2 at Sat Jan 31 02:39:08 PM IST 2026
Activity update 3 at Sat Jan 31 02:39:08 PM IST 2026
Activity update 4 at Sat Jan 31 02:39:08 PM IST 2026
Activity update 5 at Sat Jan 31 02:39:08 PM IST 2026
Activity update 6 at Sat Jan 31 02:39:08 PM IST 2026
Activity update 7 at Sat Jan 31 02:39:08 PM IST 2026
Activity update 8 at Sat Jan 31 02:39:08 PM IST 2026
Activity update 9 at Sat Jan 31 02:39:08 PM IST 2026
Activity update 10 at Sat Jan 31 02:39:08 PM IST 2026
Activity update 1 at Sat Jan 31 02:39:57 PM IST 2026
Activity update 2 at Sat Jan 31 02:39:57 PM IST 2026
Activity update 3 at Sat Jan 31 02:39:57 PM IST 2026
Activity update 4 at Sat Jan 31 02:39:57 PM IST 2026
Activity update 5 at Sat Jan 31 02:39:57 PM IST 2026
Activity update 6 at Sat Jan 31 02:39:57 PM IST 2026
Activity update 7 at Sat Jan 31 02:39:57 PM IST 2026
Activity update 8 at Sat Jan 31 02:39:57 PM IST 2026
Activity update 9 at Sat Jan 31 02:39:57 PM IST 2026
Activity update 10 at Sat Jan 31 02:39:57 PM IST 2026
Activity update 1 at Sat Jan 31 06:23:00 PM IST 2026
Activity update 2 at Sat Jan 31 06:23:00 PM IST 2026
Activity update 3 at Sat Jan 31 06:23:00 PM IST 2026
Activity update 4 at Sat Jan 31 06:23:00 PM IST 2026
Activity update 5 at Sat Jan 31 06:23:00 PM IST 2026
Activity update 6 at Sat Jan 31 06:23:00 PM IST 2026
Activity update 7 at Sat Jan 31 06:23:00 PM IST 2026
Activity update 8 at Sat Jan 31 06:23:00 PM IST 2026
Activity update 9 at Sat Jan 31 06:23:00 PM IST 2026
Activity update 10 at Sat Jan 31 06:23:00 PM IST 2026
Activity update 1 at Sat Jan 31 06:23:04 PM IST 2026
Activity update 2 at Sat Jan 31 06:23:04 PM IST 2026
Activity update 3 at Sat Jan 31 06:23:04 PM IST 2026
Activity update 4 at Sat Jan 31 06:23:04 PM IST 2026
Activity update 5 at Sat Jan 31 06:23:04 PM IST 2026
Activity update 6 at Sat Jan 31 06:23:04 PM IST 2026
Activity update 7 at Sat Jan 31 06:23:04 PM IST 2026
Activity update 8 at Sat Jan 31 06:23:04 PM IST 2026
Activity update 9 at Sat Jan 31 06:23:04 PM IST 2026
Activity update 10 at Sat Jan 31 06:23:04 PM IST 2026
Activity update 1 at Sat Jan 31 11:41:19 PM IST 2026
Activity update 2 at Sat Jan 31 11:41:19 PM IST 2026
Activity update 3 at Sat Jan 31 11:41:19 PM IST 2026
Activity update 4 at Sat Jan 31 11:41:19 PM IST 2026
Activity update 5 at Sat Jan 31 11:41:19 PM IST 2026
Activity update 6 at Sat Jan 31 11:41:19 PM IST 2026
Activity update 7 at Sat Jan 31 11:41:19 PM IST 2026
Activity update 8 at Sat Jan 31 11:41:19 PM IST 2026
Activity update 9 at Sat Jan 31 11:41:19 PM IST 2026
Activity update 10 at Sat Jan 31 11:41:19 PM IST 2026
Activity update 1 at Sat Jan 31 11:41:25 PM IST 2026
Activity update 2 at Sat Jan 31 11:41:25 PM IST 2026
Activity update 3 at Sat Jan 31 11:41:25 PM IST 2026
Activity update 4 at Sat Jan 31 11:41:25 PM IST 2026
Activity update 5 at Sat Jan 31 11:41:25 PM IST 2026
Activity update 6 at Sat Jan 31 11:41:25 PM IST 2026
Activity update 7 at Sat Jan 31 11:41:25 PM IST 2026
Activity update 8 at Sat Jan 31 11:41:25 PM IST 2026
Activity update 9 at Sat Jan 31 11:41:25 PM IST 2026
Activity update 10 at Sat Jan 31 11:41:25 PM IST 2026
Activity update 1 at Sun Feb  1 07:45:45 AM IST 2026
Activity update 2 at Sun Feb  1 07:45:45 AM IST 2026
Activity update 3 at Sun Feb  1 07:45:45 AM IST 2026
Activity update 4 at Sun Feb  1 07:45:45 AM IST 2026
Activity update 5 at Sun Feb  1 07:45:45 AM IST 2026
Activity update 6 at Sun Feb  1 07:45:45 AM IST 2026
Activity update 7 at Sun Feb  1 07:45:45 AM IST 2026
Activity update 8 at Sun Feb  1 07:45:45 AM IST 2026
Activity update 9 at Sun Feb  1 07:45:45 AM IST 2026
Activity update 10 at Sun Feb  1 07:45:45 AM IST 2026
Activity update 1 at Sun Feb  1 07:45:53 AM IST 2026
Activity update 2 at Sun Feb  1 07:45:53 AM IST 2026
Activity update 3 at Sun Feb  1 07:45:53 AM IST 2026
Activity update 4 at Sun Feb  1 07:45:53 AM IST 2026
Activity update 5 at Sun Feb  1 07:45:53 AM IST 2026
Activity update 6 at Sun Feb  1 07:45:53 AM IST 2026
Activity update 7 at Sun Feb  1 07:45:53 AM IST 2026
Activity update 8 at Sun Feb  1 07:45:53 AM IST 2026
Activity update 9 at Sun Feb  1 07:45:53 AM IST 2026
Activity update 10 at Sun Feb  1 07:45:53 AM IST 2026
Activity update 1 at Sun Feb  1 09:13:05 AM IST 2026
Activity update 2 at Sun Feb  1 09:13:05 AM IST 2026
Activity update 3 at Sun Feb  1 09:13:05 AM IST 2026
Activity update 4 at Sun Feb  1 09:13:05 AM IST 2026
Activity update 5 at Sun Feb  1 09:13:05 AM IST 2026
Activity update 6 at Sun Feb  1 09:13:05 AM IST 2026
Activity update 7 at Sun Feb  1 09:13:05 AM IST 2026
Activity update 8 at Sun Feb  1 09:13:05 AM IST 2026
Activity update 9 at Sun Feb  1 09:13:05 AM IST 2026
Activity update 10 at Sun Feb  1 09:13:05 AM IST 2026
Activity update 1 at Sun Feb  1 09:13:09 AM IST 2026
Activity update 2 at Sun Feb  1 09:13:09 AM IST 2026
Activity update 3 at Sun Feb  1 09:13:10 AM IST 2026
Activity update 4 at Sun Feb  1 09:13:10 AM IST 2026
Activity update 5 at Sun Feb  1 09:13:10 AM IST 2026
Activity update 6 at Sun Feb  1 09:13:10 AM IST 2026
Activity update 7 at Sun Feb  1 09:13:10 AM IST 2026
Activity update 8 at Sun Feb  1 09:13:10 AM IST 2026
Activity update 9 at Sun Feb  1 09:13:10 AM IST 2026
Activity update 10 at Sun Feb  1 09:13:10 AM IST 2026
Activity update 1 at Sun Feb  1 11:38:47 AM IST 2026
Activity update 2 at Sun Feb  1 11:38:47 AM IST 2026
Activity update 3 at Sun Feb  1 11:38:47 AM IST 2026
Activity update 4 at Sun Feb  1 11:38:47 AM IST 2026
Activity update 5 at Sun Feb  1 11:38:47 AM IST 2026
Activity update 6 at Sun Feb  1 11:38:47 AM IST 2026
Activity update 7 at Sun Feb  1 11:38:47 AM IST 2026
Activity update 8 at Sun Feb  1 11:38:47 AM IST 2026
Activity update 9 at Sun Feb  1 11:38:47 AM IST 2026
Activity update 10 at Sun Feb  1 11:38:47 AM IST 2026
Activity update 1 at Sun Feb  1 11:38:53 AM IST 2026
Activity update 2 at Sun Feb  1 11:38:53 AM IST 2026
Activity update 3 at Sun Feb  1 11:38:53 AM IST 2026
Activity update 4 at Sun Feb  1 11:38:53 AM IST 2026
Activity update 5 at Sun Feb  1 11:38:53 AM IST 2026
Activity update 6 at Sun Feb  1 11:38:53 AM IST 2026
Activity update 7 at Sun Feb  1 11:38:53 AM IST 2026
Activity update 8 at Sun Feb  1 11:38:53 AM IST 2026
Activity update 9 at Sun Feb  1 11:38:53 AM IST 2026
Activity update 10 at Sun Feb  1 11:38:53 AM IST 2026
Activity update 1 at Sun Feb  1 10:03:52 PM IST 2026
Activity update 1 at Sun Feb  1 10:03:52 PM IST 2026
Activity update 2 at Sun Feb  1 10:03:52 PM IST 2026
Activity update 2 at Sun Feb  1 10:03:52 PM IST 2026
Activity update 3 at Sun Feb  1 10:03:52 PM IST 2026
Activity update 3 at Sun Feb  1 10:03:52 PM IST 2026
Activity update 4 at Sun Feb  1 10:03:52 PM IST 2026
Activity update 5 at Sun Feb  1 10:03:52 PM IST 2026
Activity update 4 at Sun Feb  1 10:03:52 PM IST 2026
Activity update 6 at Sun Feb  1 10:03:52 PM IST 2026
Activity update 7 at Sun Feb  1 10:03:52 PM IST 2026
Activity update 5 at Sun Feb  1 10:03:52 PM IST 2026
Activity update 6 at Sun Feb  1 10:03:52 PM IST 2026
Activity update 8 at Sun Feb  1 10:03:52 PM IST 2026
Activity update 7 at Sun Feb  1 10:03:52 PM IST 2026
Activity update 8 at Sun Feb  1 10:03:52 PM IST 2026
Activity update 9 at Sun Feb  1 10:03:52 PM IST 2026
Activity update 10 at Sun Feb  1 10:03:52 PM IST 2026
Activity update 9 at Sun Feb  1 10:03:52 PM IST 2026
Activity update 10 at Sun Feb  1 10:03:52 PM IST 2026
Activity update 1 at Mon Feb  2 01:24:36 PM IST 2026
Activity update 2 at Mon Feb  2 01:24:36 PM IST 2026
Activity update 3 at Mon Feb  2 01:24:36 PM IST 2026
Activity update 4 at Mon Feb  2 01:24:36 PM IST 2026
Activity update 5 at Mon Feb  2 01:24:36 PM IST 2026
Activity update 6 at Mon Feb  2 01:24:36 PM IST 2026
Activity update 7 at Mon Feb  2 01:24:36 PM IST 2026
Activity update 8 at Mon Feb  2 01:24:36 PM IST 2026
Activity update 9 at Mon Feb  2 01:24:36 PM IST 2026
Activity update 10 at Mon Feb  2 01:24:36 PM IST 2026
Activity update 1 at Mon Feb  2 01:24:42 PM IST 2026
Activity update 2 at Mon Feb  2 01:24:42 PM IST 2026
Activity update 3 at Mon Feb  2 01:24:42 PM IST 2026
Activity update 4 at Mon Feb  2 01:24:42 PM IST 2026
Activity update 5 at Mon Feb  2 01:24:42 PM IST 2026
Activity update 6 at Mon Feb  2 01:24:42 PM IST 2026
Activity update 7 at Mon Feb  2 01:24:42 PM IST 2026
Activity update 8 at Mon Feb  2 01:24:42 PM IST 2026
Activity update 9 at Mon Feb  2 01:24:42 PM IST 2026
Activity update 10 at Mon Feb  2 01:24:42 PM IST 2026
Activity update 1 at Tue Feb  3 10:31:45 AM IST 2026
Activity update 2 at Tue Feb  3 10:31:45 AM IST 2026
Activity update 3 at Tue Feb  3 10:31:45 AM IST 2026
Activity update 4 at Tue Feb  3 10:31:45 AM IST 2026
Activity update 5 at Tue Feb  3 10:31:45 AM IST 2026
Activity update 6 at Tue Feb  3 10:31:45 AM IST 2026
Activity update 7 at Tue Feb  3 10:31:45 AM IST 2026
Activity update 8 at Tue Feb  3 10:31:45 AM IST 2026
Activity update 9 at Tue Feb  3 10:31:45 AM IST 2026
Activity update 10 at Tue Feb  3 10:31:45 AM IST 2026
Activity update 1 at Tue Feb  3 03:21:06 PM IST 2026
Activity update 2 at Tue Feb  3 03:21:06 PM IST 2026
Activity update 3 at Tue Feb  3 03:21:06 PM IST 2026
Activity update 4 at Tue Feb  3 03:21:06 PM IST 2026
Activity update 5 at Tue Feb  3 03:21:06 PM IST 2026
Activity update 6 at Tue Feb  3 03:21:06 PM IST 2026
Activity update 7 at Tue Feb  3 03:21:06 PM IST 2026
Activity update 8 at Tue Feb  3 03:21:06 PM IST 2026
Activity update 9 at Tue Feb  3 03:21:06 PM IST 2026
Activity update 10 at Tue Feb  3 03:21:06 PM IST 2026
Activity update 1 at Tue Feb  3 04:22:03 PM IST 2026
Activity update 2 at Tue Feb  3 04:22:03 PM IST 2026
Activity update 3 at Tue Feb  3 04:22:03 PM IST 2026
Activity update 4 at Tue Feb  3 04:22:03 PM IST 2026
Activity update 5 at Tue Feb  3 04:22:03 PM IST 2026
Activity update 6 at Tue Feb  3 04:22:03 PM IST 2026
Activity update 7 at Tue Feb  3 04:22:03 PM IST 2026
Activity update 8 at Tue Feb  3 04:22:03 PM IST 2026
Activity update 9 at Tue Feb  3 04:22:03 PM IST 2026
Activity update 10 at Tue Feb  3 04:22:03 PM IST 2026
Activity update 1 at Tue Feb  3 05:12:25 PM IST 2026
Activity update 2 at Tue Feb  3 05:12:25 PM IST 2026
Activity update 3 at Tue Feb  3 05:12:25 PM IST 2026
Activity update 4 at Tue Feb  3 05:12:25 PM IST 2026
Activity update 5 at Tue Feb  3 05:12:25 PM IST 2026
Activity update 6 at Tue Feb  3 05:12:25 PM IST 2026
Activity update 7 at Tue Feb  3 05:12:25 PM IST 2026
Activity update 8 at Tue Feb  3 05:12:25 PM IST 2026
Activity update 9 at Tue Feb  3 05:12:25 PM IST 2026
Activity update 10 at Tue Feb  3 05:12:25 PM IST 2026
Activity update 1 at Wed Feb  4 12:43:16 AM IST 2026
Activity update 2 at Wed Feb  4 12:43:16 AM IST 2026
Activity update 3 at Wed Feb  4 12:43:16 AM IST 2026
Activity update 4 at Wed Feb  4 12:43:16 AM IST 2026
Activity update 5 at Wed Feb  4 12:43:16 AM IST 2026
Activity update 6 at Wed Feb  4 12:43:16 AM IST 2026
Activity update 7 at Wed Feb  4 12:43:16 AM IST 2026
Activity update 8 at Wed Feb  4 12:43:16 AM IST 2026
Activity update 9 at Wed Feb  4 12:43:16 AM IST 2026
Activity update 10 at Wed Feb  4 12:43:16 AM IST 2026
Activity update 1 at Tue Feb  3 09:25:54 PM IST 2026
Activity update 2 at Tue Feb  3 09:25:54 PM IST 2026
Activity update 3 at Tue Feb  3 09:25:54 PM IST 2026
Activity update 4 at Tue Feb  3 09:25:54 PM IST 2026
Activity update 5 at Tue Feb  3 09:25:54 PM IST 2026
Activity update 6 at Tue Feb  3 09:25:54 PM IST 2026
Activity update 7 at Tue Feb  3 09:25:54 PM IST 2026
Activity update 8 at Tue Feb  3 09:25:54 PM IST 2026
Activity update 9 at Tue Feb  3 09:25:54 PM IST 2026
Activity update 10 at Tue Feb  3 09:25:54 PM IST 2026
Activity update 1 at Wed Feb  4 01:38:13 PM IST 2026
Activity update 2 at Wed Feb  4 01:38:13 PM IST 2026
Activity update 3 at Wed Feb  4 01:38:13 PM IST 2026
Activity update 4 at Wed Feb  4 01:38:13 PM IST 2026
Activity update 5 at Wed Feb  4 01:38:13 PM IST 2026
Activity update 6 at Wed Feb  4 01:38:13 PM IST 2026
Activity update 7 at Wed Feb  4 01:38:13 PM IST 2026
Activity update 8 at Wed Feb  4 01:38:13 PM IST 2026
Activity update 9 at Wed Feb  4 01:38:13 PM IST 2026
Activity update 10 at Wed Feb  4 01:38:13 PM IST 2026
Activity update 1 at Wed Feb  4 01:53:57 PM IST 2026
Activity update 2 at Wed Feb  4 01:53:57 PM IST 2026
Activity update 3 at Wed Feb  4 01:53:57 PM IST 2026
Activity update 4 at Wed Feb  4 01:53:57 PM IST 2026
Activity update 5 at Wed Feb  4 01:53:57 PM IST 2026
Activity update 6 at Wed Feb  4 01:53:57 PM IST 2026
Activity update 7 at Wed Feb  4 01:53:57 PM IST 2026
Activity update 8 at Wed Feb  4 01:53:57 PM IST 2026
Activity update 9 at Wed Feb  4 01:53:57 PM IST 2026
